"../../../../../../Users/Brendan/Documents/Ithaca College/03 SP/COMP207/Collision/Comp207Game/MyProject/Content/Blocks/BlueTB.uasset" 0
"../../../../../../Users/Brendan/Documents/Ithaca College/03 SP/COMP207/Collision/Comp207Game/MyProject/Content/BlueTB.uasset" 1
"../../../../../../Users/Brendan/Documents/Ithaca College/03 SP/COMP207/Collision/Comp207Game/MyProject/Content/Blocks/RedTB.uasset" 2
"../../../../../../Users/Brendan/Documents/Ithaca College/03 SP/COMP207/Collision/Comp207Game/MyProject/Content/RedTB.uasset" 3
"../../../../../../Users/Brendan/Documents/Ithaca College/03 SP/COMP207/Collision/Comp207Game/MyProject/Content/Blocks/GreenTB.uasset" 4
"../../../../../../Users/Brendan/Documents/Ithaca College/03 SP/COMP207/Collision/Comp207Game/MyProject/Content/GreenTB.uasset" 5
"../../../../../../Users/Brendan/Documents/Ithaca College/03 SP/COMP207/Collision/Comp207Game/MyProject/Content/TriggerBox2_Blueprint.uasset" 6
"../../../../../../Users/Brendan/Documents/Ithaca College/03 SP/COMP207/Collision/Comp207Game/MyProject/Content/Sound/thud-alt.uasset" 7
"../../../../../../Users/Brendan/Documents/Ithaca College/03 SP/COMP207/Collision/Comp207Game/MyProject/Content/StarterContent/Textures/T_Tech_Hex_Tile_N.uasset" 8
"../../../../../../Users/Brendan/Documents/Ithaca College/03 SP/COMP207/Collision/Comp207Game/MyProject/Content/StarterContent/Textures/T_Tech_Hex_Tile_M.uasset" 9
"../../../../../../Users/Brendan/Documents/Ithaca College/03 SP/COMP207/Collision/Comp207Game/MyProject/Content/StarterContent/Textures/T_MacroVariation.uasset" 10
"../../../../../../Users/Brendan/Documents/Ithaca College/03 SP/COMP207/Collision/Comp207Game/MyProject/Content/StarterContent/Materials/M_Tech_Hex_Tile_Pulse.uasset" 11
"../../../../../../Users/Brendan/Documents/Ithaca College/03 SP/COMP207/Collision/Comp207Game/MyProject/Content/MaterialsCustom/BigHexWhite.uasset" 12
"../../../../../../Users/Brendan/Documents/Ithaca College/03 SP/COMP207/Collision/Comp207Game/MyProject/Content/MaterialsCustom/HugeHex.uasset" 13
"../../../../../../Users/Brendan/Documents/Ithaca College/03 SP/COMP207/Collision/Comp207Game/MyProject/Content/StarterContent/Audio/Starter_Music_Cue.uasset" 14
"../../../../../../Users/Brendan/Documents/Ithaca College/03 SP/COMP207/Collision/Comp207Game/MyProject/Content/Sound/Collision4.uasset" 15
"../../../../../../Users/Brendan/Documents/Ithaca College/03 SP/COMP207/Collision/Comp207Game/MyProject/Content/Sound/Collision2.uasset" 16
"../../../../../../Users/Brendan/Documents/Ithaca College/03 SP/COMP207/Collision/Comp207Game/MyProject/Content/Sound/Collision1.uasset" 17
"../../../../../../Users/Brendan/Documents/Ithaca College/03 SP/COMP207/Collision/Comp207Game/MyProject/Content/Sound/CollisionMaster.uasset" 18
"../../../Engine/Content/EditorBlueprintResources/StandardMacros.uasset" 19
"../../../../../../Users/Brendan/Documents/Ithaca College/03 SP/COMP207/Collision/Comp207Game/MyProject/Content/ThirdPersonBP/CollisionInstance.uasset" 20
"../../../../../../Users/Brendan/Documents/Ithaca College/03 SP/COMP207/Collision/Comp207Game/MyProject/Content/Blocks/ExitCam.uasset" 21
"../../../../../../Users/Brendan/Documents/Ithaca College/03 SP/COMP207/Collision/Comp207Game/MyProject/Content/Mannequin/Character/Mesh/UE4_Mannequin_Skeleton.uasset" 22
"../../../../../../Users/Brendan/Documents/Ithaca College/03 SP/COMP207/Collision/Comp207Game/MyProject/Content/Mannequin/Animations/ThirdPersonWalk.uasset" 23
"../../../../../../Users/Brendan/Documents/Ithaca College/03 SP/COMP207/Collision/Comp207Game/MyProject/Content/Mannequin/Animations/ThirdPersonRun.uasset" 24
"../../../../../../Users/Brendan/Documents/Ithaca College/03 SP/COMP207/Collision/Comp207Game/MyProject/Content/Mannequin/Animations/ThirdPersonIdle.uasset" 25
"../../../../../../Users/Brendan/Documents/Ithaca College/03 SP/COMP207/Collision/Comp207Game/MyProject/Content/Mannequin/Animations/ThirdPerson_IdleRun_2D.uasset" 26
"../../../../../../Users/Brendan/Documents/Ithaca College/03 SP/COMP207/Collision/Comp207Game/MyProject/Content/Mannequin/Animations/ThirdPerson_Jump.uasset" 27
"../../../../../../Users/Brendan/Documents/Ithaca College/03 SP/COMP207/Collision/Comp207Game/MyProject/Content/Mannequin/Animations/ThirdPersonJump_Start.uasset" 28
"../../../../../../Users/Brendan/Documents/Ithaca College/03 SP/COMP207/Collision/Comp207Game/MyProject/Content/Mannequin/Animations/ThirdPersonJump_Loop.uasset" 29
"../../../../../../Users/Brendan/Documents/Ithaca College/03 SP/COMP207/Collision/Comp207Game/MyProject/Content/Mannequin/Animations/ThirdPerson_AnimBP.uasset" 30
"../../../../../../Users/Brendan/Documents/Ithaca College/03 SP/COMP207/Collision/Comp207Game/MyProject/Content/MaterialsCustom/Black.uasset" 31
"../../../Engine/Content/EngineMaterials/T_Default_Material_Grid_N.uasset" 32
"../../../Engine/Content/EngineMaterials/T_Default_Material_Grid_M.uasset" 33
"../../../Engine/Content/Functions/Engine_MaterialFunctions01/Opacity/CameraDepthFade.uasset" 34
"../../../Engine/Content/EngineMaterials/WorldGridMaterial.uasset" 35
"../../../../../../Users/Brendan/Documents/Ithaca College/03 SP/COMP207/Collision/Comp207Game/MyProject/Content/Blocks/PerfectCube.uasset" 36
"../../../../../../Users/Brendan/Documents/Ithaca College/03 SP/COMP207/Collision/Comp207Game/MyProject/Content/MaterialsCustom/Emissives/GlowBase.uasset" 37
"../../../../../../Users/Brendan/Documents/Ithaca College/03 SP/COMP207/Collision/Comp207Game/MyProject/Content/MaterialsCustom/Emissives/GlowWhite.uasset" 38
"../../../../../../Users/Brendan/Documents/Ithaca College/03 SP/COMP207/Collision/Comp207Game/MyProject/Content/Blocks/MovingBlock.uasset" 39
"../../../../../../Users/Brendan/Documents/Ithaca College/03 SP/COMP207/Collision/Comp207Game/MyProject/Content/Blocks/RotatingCam.uasset" 40
"../../../../../../Users/Brendan/Documents/Ithaca College/03 SP/COMP207/Collision/Comp207Game/MyProject/Content/Sound/thud-1.uasset" 41
"../../../../../../Users/Brendan/Documents/Ithaca College/03 SP/COMP207/Collision/Comp207Game/MyProject/Content/Blocks/ThirdPersonCharacter.uasset" 42
"../../../../../../Users/Brendan/Documents/Ithaca College/03 SP/COMP207/Collision/Comp207Game/MyProject/Content/GUIs/ARCADECLASSIC.uasset" 43
"../../../../../../Users/Brendan/Documents/Ithaca College/03 SP/COMP207/Collision/Comp207Game/MyProject/Content/GUIs/Spacescape.uasset" 44
"../../../../../../Users/Brendan/Documents/Ithaca College/03 SP/COMP207/Collision/Comp207Game/MyProject/Content/GUIs/PauseMenu.uasset" 45
"../../../../../../Users/Brendan/Documents/Ithaca College/03 SP/COMP207/Collision/Comp207Game/MyProject/Content/Sound/win.uasset" 46
"../../../../../../Users/Brendan/Documents/Ithaca College/03 SP/COMP207/Collision/Comp207Game/MyProject/Content/Blueprints/MyLibrary.uasset" 47
"../../../../../../Users/Brendan/Documents/Ithaca College/03 SP/COMP207/Collision/Comp207Game/MyProject/Content/Blocks/BreakableBlock.uasset" 48
"../../../../../../Users/Brendan/Documents/Ithaca College/03 SP/COMP207/Collision/Comp207Game/MyProject/Content/Blocks/BreakBlockGood.uasset" 49
"../../../../../../Users/Brendan/Documents/Ithaca College/03 SP/COMP207/Collision/Comp207Game/MyProject/Content/Blocks/MovableBlock.uasset" 50
"../../../../../../Users/Brendan/Documents/Ithaca College/03 SP/COMP207/Collision/Comp207Game/MyProject/Content/GUIs/EndLevelPrompt.uasset" 51
"../../../../../../Users/Brendan/Documents/Ithaca College/03 SP/COMP207/Collision/Comp207Game/MyProject/Content/Blocks/ExitBox.uasset" 52
"../../../../../../Users/Brendan/Documents/Ithaca College/03 SP/COMP207/Collision/Comp207Game/MyProject/Content/Graphics/LevelBack.uasset" 53
"../../../../../../Users/Brendan/Documents/Ithaca College/03 SP/COMP207/Collision/Comp207Game/MyProject/Content/GUIs/LevelHUD.uasset" 54
"../../../../../../Users/Brendan/Documents/Ithaca College/03 SP/COMP207/Collision/Comp207Game/MyProject/Content/GUIs/EmptyPopUp.uasset" 55
"../../../../../../Users/Brendan/Documents/Ithaca College/03 SP/COMP207/Collision/Comp207Game/MyProject/Content/Blocks/LevelController.uasset" 56
"../../../../../../Users/Brendan/Documents/Ithaca College/03 SP/COMP207/Collision/Comp207Game/MyProject/Content/Blocks/PopUpController.uasset" 57
"../../../../../../Users/Brendan/Documents/Ithaca College/03 SP/COMP207/Collision/Comp207Game/MyProject/Content/Blocks/Cam.uasset" 58
"../../../../../../Users/Brendan/Documents/Ithaca College/03 SP/COMP207/Collision/Comp207Game/MyProject/Content/Blocks/RotatingCamera.uasset" 59
"../../../../../../Users/Brendan/Documents/Ithaca College/03 SP/COMP207/Collision/Comp207Game/MyProject/Content/Blueprints/CollisionGame.uasset" 60
"../../../../../../Users/Brendan/Documents/Ithaca College/03 SP/COMP207/Collision/Comp207Game/MyProject/Content/Geometry/Meshes/CubeMaterial.uasset" 61
"../../../../../../Users/Brendan/Documents/Ithaca College/03 SP/COMP207/Collision/Comp207Game/MyProject/Content/Geometry/Meshes/1M_Cube.uasset" 62
"../../../../../../Users/Brendan/Documents/Ithaca College/03 SP/COMP207/Collision/Comp207Game/MyProject/Content/Geometry/Meshes/1M_Cube_Chamfer.uasset" 63
"../../../../../../Users/Brendan/Documents/Ithaca College/03 SP/COMP207/Collision/Comp207Game/MyProject/Content/Geometry/Meshes/TemplateFloor.uasset" 64
"../../../../../../Users/Brendan/Documents/Ithaca College/03 SP/COMP207/Collision/Comp207Game/MyProject/Content/Graphics/ScoreBack.uasset" 65
"../../../../../../Users/Brendan/Documents/Ithaca College/03 SP/COMP207/Collision/Comp207Game/MyProject/Content/Graphics/space.uasset" 66
"../../../../../../Users/Brendan/Documents/Ithaca College/03 SP/COMP207/Collision/Comp207Game/MyProject/Content/Graphics/PopUpBack.uasset" 67
"../../../../../../Users/Brendan/Documents/Ithaca College/03 SP/COMP207/Collision/Comp207Game/MyProject/Content/GUIs/PopUp1.uasset" 68
"../../../../../../Users/Brendan/Documents/Ithaca College/03 SP/COMP207/Collision/Comp207Game/MyProject/Content/GUIs/PopUp1-2.uasset" 69
"../../../../../../Users/Brendan/Documents/Ithaca College/03 SP/COMP207/Collision/Comp207Game/MyProject/Content/GUIs/PopUp3-2.uasset" 70
"../../../../../../Users/Brendan/Documents/Ithaca College/03 SP/COMP207/Collision/Comp207Game/MyProject/Content/GUIs/PopUp3.uasset" 71
"../../../../../../Users/Brendan/Documents/Ithaca College/03 SP/COMP207/Collision/Comp207Game/MyProject/Content/Mannequin/Animations/ThirdPersonJump_End.uasset" 72
"../../../../../../Users/Brendan/Documents/Ithaca College/03 SP/COMP207/Collision/Comp207Game/MyProject/Content/Mannequin/Character/Mesh/SK_Mannequin_PhysicsAsset.uasset" 73
"../../../../../../Users/Brendan/Documents/Ithaca College/03 SP/COMP207/Collision/Comp207Game/MyProject/Content/Mannequin/Character/Textures/T_UE4Logo_N.uasset" 74
"../../../../../../Users/Brendan/Documents/Ithaca College/03 SP/COMP207/Collision/Comp207Game/MyProject/Content/Mannequin/Character/Textures/T_UE4Logo_Mask.uasset" 75
"../../../../../../Users/Brendan/Documents/Ithaca College/03 SP/COMP207/Collision/Comp207Game/MyProject/Content/Mannequin/Character/Textures/T_Male_N.uasset" 76
"../../../../../../Users/Brendan/Documents/Ithaca College/03 SP/COMP207/Collision/Comp207Game/MyProject/Content/Mannequin/Character/Textures/T_Male_Mask.uasset" 77
"../../../../../../Users/Brendan/Documents/Ithaca College/03 SP/COMP207/Collision/Comp207Game/MyProject/Content/Mannequin/Character/Materials/MaterialLayers/T_ML_Rubber_Blue_01_N.uasset" 78
"../../../../../../Users/Brendan/Documents/Ithaca College/03 SP/COMP207/Collision/Comp207Game/MyProject/Content/Mannequin/Character/Materials/MaterialLayers/T_ML_Rubber_Blue_01_D.uasset" 79
"../../../../../../Users/Brendan/Documents/Ithaca College/03 SP/COMP207/Collision/Comp207Game/MyProject/Content/Mannequin/Character/Materials/MaterialLayers/T_ML_Aluminum01_N.uasset" 80
"../../../../../../Users/Brendan/Documents/Ithaca College/03 SP/COMP207/Collision/Comp207Game/MyProject/Content/Mannequin/Character/Materials/MaterialLayers/T_ML_Aluminum01.uasset" 81
"../../../../../../Users/Brendan/Documents/Ithaca College/03 SP/COMP207/Collision/Comp207Game/MyProject/Content/Mannequin/Character/Materials/MaterialLayers/ML_SoftMetal_UE4.uasset" 82
"../../../../../../Users/Brendan/Documents/Ithaca College/03 SP/COMP207/Collision/Comp207Game/MyProject/Content/Mannequin/Character/Materials/MaterialLayers/ML_Plastic_Shiny_Beige_LOGO.uasset" 83
"../../../../../../Users/Brendan/Documents/Ithaca College/03 SP/COMP207/Collision/Comp207Game/MyProject/Content/Mannequin/Character/Materials/MaterialLayers/ML_Plastic_Shiny_Beige.uasset" 84
"../../../../../../Users/Brendan/Documents/Ithaca College/03 SP/COMP207/Collision/Comp207Game/MyProject/Content/Mannequin/Character/Materials/MaterialLayers/ML_GlossyBlack_Latex_UE4.uasset" 85
"../../../Engine/Content/Functions/MaterialLayerFunctions/MatLayerBlend_Simple.uasset" 86
"../../../Engine/Content/Functions/Engine_MaterialFunctions02/Utility/BlendAngleCorrectedNormals.uasset" 87
"../../../Engine/Content/Functions/MaterialLayerFunctions/MatLayerBlend_NormalBlend.uasset" 88
"../../../../../../Users/Brendan/Documents/Ithaca College/03 SP/COMP207/Collision/Comp207Game/MyProject/Content/Mannequin/Character/Materials/M_Male_Body.uasset" 89
"../../../../../../Users/Brendan/Documents/Ithaca College/03 SP/COMP207/Collision/Comp207Game/MyProject/Content/Mannequin/Character/Materials/M_UE4Man_ChestLogo.uasset" 90
"../../../../../../Users/Brendan/Documents/Ithaca College/03 SP/COMP207/Collision/Comp207Game/MyProject/Content/Mannequin/Character/Mesh/SK_Mannequin.uasset" 91
"../../../../../../Users/Brendan/Documents/Ithaca College/03 SP/COMP207/Collision/Comp207Game/MyProject/Content/Mannequin/Character/Mesh/SK_Mannequin_Female_PhysicsAsset.uasset" 92
"../../../../../../Users/Brendan/Documents/Ithaca College/03 SP/COMP207/Collision/Comp207Game/MyProject/Content/Mannequin/Character/Textures/T_Female_N.uasset" 93
"../../../../../../Users/Brendan/Documents/Ithaca College/03 SP/COMP207/Collision/Comp207Game/MyProject/Content/Mannequin/Character/Textures/T_Female_Mask.uasset" 94
"../../../../../../Users/Brendan/Documents/Ithaca College/03 SP/COMP207/Collision/Comp207Game/MyProject/Content/Mannequin/Character/Materials/MI_Female_Body.uasset" 95
"../../../../../../Users/Brendan/Documents/Ithaca College/03 SP/COMP207/Collision/Comp207Game/MyProject/Content/Mannequin/Character/Mesh/SK_Mannequin_Female.uasset" 96
"../../../../../../Users/Brendan/Documents/Ithaca College/03 SP/COMP207/Collision/Comp207Game/MyProject/Content/MaterialsCustom/Blue.uasset" 97
"../../../../../../Users/Brendan/Documents/Ithaca College/03 SP/COMP207/Collision/Comp207Game/MyProject/Content/Materials/Blue.uasset" 98
"../../../../../../Users/Brendan/Documents/Ithaca College/03 SP/COMP207/Collision/Comp207Game/MyProject/Content/MaterialsCustom/Green.uasset" 99
"../../../../../../Users/Brendan/Documents/Ithaca College/03 SP/COMP207/Collision/Comp207Game/MyProject/Content/Materials/Green.uasset" 100
"../../../../../../Users/Brendan/Documents/Ithaca College/03 SP/COMP207/Collision/Comp207Game/MyProject/Content/MaterialsCustom/Grey.uasset" 101
"../../../../../../Users/Brendan/Documents/Ithaca College/03 SP/COMP207/Collision/Comp207Game/MyProject/Content/Materials/Grey.uasset" 102
"../../../../../../Users/Brendan/Documents/Ithaca College/03 SP/COMP207/Collision/Comp207Game/MyProject/Content/MaterialsCustom/Red.uasset" 103
"../../../../../../Users/Brendan/Documents/Ithaca College/03 SP/COMP207/Collision/Comp207Game/MyProject/Content/Materials/Red.uasset" 104
"../../../Engine/Content/Functions/Engine_MaterialFunctions02/3PointLevels.uasset" 105
"../../../../../../Users/Brendan/Documents/Ithaca College/03 SP/COMP207/Collision/Comp207Game/MyProject/Content/MaterialsCustom/SpaceBox.uasset" 106
"../../../../../../Users/Brendan/Documents/Ithaca College/03 SP/COMP207/Collision/Comp207Game/MyProject/Content/MaterialsCustom/Skybox_Params.uasset" 107
"../../../../../../Users/Brendan/Documents/Ithaca College/03 SP/COMP207/Collision/Comp207Game/MyProject/Content/MaterialsCustom/SpaceMap.uasset" 108
"../../../../../../Users/Brendan/Documents/Ithaca College/03 SP/COMP207/Collision/Comp207Game/MyProject/Content/Materials/SpaceMap.uasset" 109
"../../../Engine/Content/EngineSky/T_Sky_Stars.uasset" 110
"../../../Engine/Content/EngineSky/T_Sky_Clouds_M.uasset" 111
"../../../Engine/Content/EngineSky/T_Sky_Blue.uasset" 112
"../../../Engine/Content/EngineSky/M_Sky_Panning_Clouds2.uasset" 113
"../../../Engine/Content/EngineSky/SM_SkySphere.uasset" 114
"../../../../../../Users/Brendan/Documents/Ithaca College/03 SP/COMP207/Collision/Comp207Game/MyProject/Content/MaterialsCustom/Space_SkyBox.uasset" 115
"../../../../../../Users/Brendan/Documents/Ithaca College/03 SP/COMP207/Collision/Comp207Game/MyProject/Content/Materials/Space_SkyBox.uasset" 116
"../../../../../../Users/Brendan/Documents/Ithaca College/03 SP/COMP207/Collision/Comp207Game/MyProject/Content/MaterialsCustom/White.uasset" 117
"../../../../../../Users/Brendan/Documents/Ithaca College/03 SP/COMP207/Collision/Comp207Game/MyProject/Content/Materials/White.uasset" 118
"../../../../../../Users/Brendan/Documents/Ithaca College/03 SP/COMP207/Collision/Comp207Game/MyProject/Content/MaterialsCustom/BigHexBlue.uasset" 119
"../../../../../../Users/Brendan/Documents/Ithaca College/03 SP/COMP207/Collision/Comp207Game/MyProject/Content/MaterialsCustom/BigHex.uasset" 120
"../../../../../../Users/Brendan/Documents/Ithaca College/03 SP/COMP207/Collision/Comp207Game/MyProject/Content/MaterialsCustom/BigHexGreen.uasset" 121
"../../../../../../Users/Brendan/Documents/Ithaca College/03 SP/COMP207/Collision/Comp207Game/MyProject/Content/MaterialsCustom/BigHexRed.uasset" 122
"../../../../../../Users/Brendan/Documents/Ithaca College/03 SP/COMP207/Collision/Comp207Game/MyProject/Content/MaterialsCustom/BigHexWhiteGlow.uasset" 123
"../../../../../../Users/Brendan/Documents/Ithaca College/03 SP/COMP207/Collision/Comp207Game/MyProject/Content/StarterContent/Textures/T_Metal_Gold_N.uasset" 124
"../../../../../../Users/Brendan/Documents/Ithaca College/03 SP/COMP207/Collision/Comp207Game/MyProject/Content/StarterContent/Textures/T_Metal_Gold_D.uasset" 125
"../../../../../../Users/Brendan/Documents/Ithaca College/03 SP/COMP207/Collision/Comp207Game/MyProject/Content/StarterContent/Materials/M_Metal_Gold.uasset" 126
"../../../../../../Users/Brendan/Documents/Ithaca College/03 SP/COMP207/Collision/Comp207Game/MyProject/Content/MaterialsCustom/BreakBlock.uasset" 127
"../../../../../../Users/Brendan/Documents/Ithaca College/03 SP/COMP207/Collision/Comp207Game/MyProject/Content/StarterContent/Materials/M_Glass.uasset" 128
"../../../../../../Users/Brendan/Documents/Ithaca College/03 SP/COMP207/Collision/Comp207Game/MyProject/Content/MaterialsCustom/TintedGlass.uasset" 129
"../../../../../../Users/Brendan/Documents/Ithaca College/03 SP/COMP207/Collision/Comp207Game/MyProject/Content/MaterialsCustom/Emissives/WhiteTrim.uasset" 130
"../../../../../../Users/Brendan/Documents/Ithaca College/03 SP/COMP207/Collision/Comp207Game/MyProject/Content/Sound/backgroundmusic.uasset" 131
"../../../../../../Users/Brendan/Documents/Ithaca College/03 SP/COMP207/Collision/Comp207Game/MyProject/Content/Sound/CollisionTitle.uasset" 132
"../../../../../../Users/Brendan/Documents/Ithaca College/03 SP/COMP207/Collision/Comp207Game/MyProject/Content/StarterContent/Materials/M_Basic_Floor.uasset" 133
"../../../../../../Users/Brendan/Documents/Ithaca College/03 SP/COMP207/Collision/Comp207Game/MyProject/Content/StarterContent/Architecture/Floor_400x400.uasset" 134
"../../../../../../Users/Brendan/Documents/Ithaca College/03 SP/COMP207/Collision/Comp207Game/MyProject/Content/StarterContent/Materials/M_Basic_Wall.uasset" 135
"../../../../../../Users/Brendan/Documents/Ithaca College/03 SP/COMP207/Collision/Comp207Game/MyProject/Content/StarterContent/Architecture/Pillar_50x500.uasset" 136
"../../../../../../Users/Brendan/Documents/Ithaca College/03 SP/COMP207/Collision/Comp207Game/MyProject/Content/StarterContent/Materials/M_AssetPlatform.uasset" 137
"../../../../../../Users/Brendan/Documents/Ithaca College/03 SP/COMP207/Collision/Comp207Game/MyProject/Content/StarterContent/Architecture/SM_AssetPlatform.uasset" 138
"../../../../../../Users/Brendan/Documents/Ithaca College/03 SP/COMP207/Collision/Comp207Game/MyProject/Content/StarterContent/Architecture/Wall_400x200.uasset" 139
"../../../../../../Users/Brendan/Documents/Ithaca College/03 SP/COMP207/Collision/Comp207Game/MyProject/Content/StarterContent/Architecture/Wall_400x300.uasset" 140
"../../../../../../Users/Brendan/Documents/Ithaca College/03 SP/COMP207/Collision/Comp207Game/MyProject/Content/StarterContent/Architecture/Wall_400x400.uasset" 141
"../../../../../../Users/Brendan/Documents/Ithaca College/03 SP/COMP207/Collision/Comp207Game/MyProject/Content/StarterContent/Architecture/Wall_500x500.uasset" 142
"../../../../../../Users/Brendan/Documents/Ithaca College/03 SP/COMP207/Collision/Comp207Game/MyProject/Content/StarterContent/Architecture/Wall_Door_400x300.uasset" 143
"../../../../../../Users/Brendan/Documents/Ithaca College/03 SP/COMP207/Collision/Comp207Game/MyProject/Content/StarterContent/Architecture/Wall_Door_400x400.uasset" 144
"../../../../../../Users/Brendan/Documents/Ithaca College/03 SP/COMP207/Collision/Comp207Game/MyProject/Content/StarterContent/Architecture/Wall_Window_400x300.uasset" 145
"../../../../../../Users/Brendan/Documents/Ithaca College/03 SP/COMP207/Collision/Comp207Game/MyProject/Content/StarterContent/Architecture/Wall_Window_400x400.uasset" 146
"../../../../../../Users/Brendan/Documents/Ithaca College/03 SP/COMP207/Collision/Comp207Game/MyProject/Content/StarterContent/Audio/Collapse01.uasset" 147
"../../../../../../Users/Brendan/Documents/Ithaca College/03 SP/COMP207/Collision/Comp207Game/MyProject/Content/StarterContent/Audio/Collapse02.uasset" 148
"../../../../../../Users/Brendan/Documents/Ithaca College/03 SP/COMP207/Collision/Comp207Game/MyProject/Content/StarterContent/Audio/Collapse_Cue.uasset" 149
"../../../../../../Users/Brendan/Documents/Ithaca College/03 SP/COMP207/Collision/Comp207Game/MyProject/Content/StarterContent/Audio/Explosion01.uasset" 150
"../../../../../../Users/Brendan/Documents/Ithaca College/03 SP/COMP207/Collision/Comp207Game/MyProject/Content/StarterContent/Audio/Explosion02.uasset" 151
"../../../../../../Users/Brendan/Documents/Ithaca College/03 SP/COMP207/Collision/Comp207Game/MyProject/Content/StarterContent/Audio/Fire01.uasset" 152
"../../../../../../Users/Brendan/Documents/Ithaca College/03 SP/COMP207/Collision/Comp207Game/MyProject/Content/StarterContent/Audio/Fire_Sparks01.uasset" 153
"../../../../../../Users/Brendan/Documents/Ithaca College/03 SP/COMP207/Collision/Comp207Game/MyProject/Content/StarterContent/Audio/Light01.uasset" 154
"../../../../../../Users/Brendan/Documents/Ithaca College/03 SP/COMP207/Collision/Comp207Game/MyProject/Content/StarterContent/Audio/Light01_Cue.uasset" 155
"../../../../../../Users/Brendan/Documents/Ithaca College/03 SP/COMP207/Collision/Comp207Game/MyProject/Content/StarterContent/Audio/Light02.uasset" 156
"../../../../../../Users/Brendan/Documents/Ithaca College/03 SP/COMP207/Collision/Comp207Game/MyProject/Content/StarterContent/Audio/Light02_Cue.uasset" 157
"../../../../../../Users/Brendan/Documents/Ithaca College/03 SP/COMP207/Collision/Comp207Game/MyProject/Content/StarterContent/Audio/Smoke01.uasset" 158
"../../../../../../Users/Brendan/Documents/Ithaca College/03 SP/COMP207/Collision/Comp207Game/MyProject/Content/StarterContent/Audio/Starter_Background_Cue.uasset" 159
"../../../../../../Users/Brendan/Documents/Ithaca College/03 SP/COMP207/Collision/Comp207Game/MyProject/Content/StarterContent/Audio/Starter_Birds01.uasset" 160
"../../../../../../Users/Brendan/Documents/Ithaca College/03 SP/COMP207/Collision/Comp207Game/MyProject/Content/StarterContent/Audio/Starter_Music01.uasset" 161
"../../../../../../Users/Brendan/Documents/Ithaca College/03 SP/COMP207/Collision/Comp207Game/MyProject/Content/StarterContent/Audio/Starter_Wind05.uasset" 162
"../../../../../../Users/Brendan/Documents/Ithaca College/03 SP/COMP207/Collision/Comp207Game/MyProject/Content/StarterContent/Audio/Starter_Wind06.uasset" 163
"../../../../../../Users/Brendan/Documents/Ithaca College/03 SP/COMP207/Collision/Comp207Game/MyProject/Content/StarterContent/Audio/Steam01.uasset" 164
"../../../../../../Users/Brendan/Documents/Ithaca College/03 SP/COMP207/Collision/Comp207Game/MyProject/Content/StarterContent/Textures/T_Lamp_N.uasset" 165
"../../../../../../Users/Brendan/Documents/Ithaca College/03 SP/COMP207/Collision/Comp207Game/MyProject/Content/StarterContent/Textures/T_Lamp_M.uasset" 166
"../../../../../../Users/Brendan/Documents/Ithaca College/03 SP/COMP207/Collision/Comp207Game/MyProject/Content/StarterContent/Props/Materials/M_Lamp.uasset" 167
"../../../../../../Users/Brendan/Documents/Ithaca College/03 SP/COMP207/Collision/Comp207Game/MyProject/Content/StarterContent/Props/SM_Lamp_Ceiling.uasset" 168
"../../../../../../Users/Brendan/Documents/Ithaca College/03 SP/COMP207/Collision/Comp207Game/MyProject/Content/StarterContent/Blueprints/Blueprint_CeilingLight.uasset" 169
"../../../../../../Users/Brendan/Documents/Ithaca College/03 SP/COMP207/Collision/Comp207Game/MyProject/Content/StarterContent/Textures/T_Smoke_Tiled_D.uasset" 170
"../../../../../../Users/Brendan/Documents/Ithaca College/03 SP/COMP207/Collision/Comp207Game/MyProject/Content/StarterContent/Textures/T_Smoke_SubUV.uasset" 171
"../../../../../../Users/Brendan/Documents/Ithaca College/03 SP/COMP207/Collision/Comp207Game/MyProject/Content/StarterContent/Particles/Materials/M_smoke_subUV.uasset" 172
"../../../Engine/Content/Functions/Engine_MaterialFunctions01/Gradient/RadialGradient.uasset" 173
"../../../../../../Users/Brendan/Documents/Ithaca College/03 SP/COMP207/Collision/Comp207Game/MyProject/Content/StarterContent/Particles/Materials/M_radial_ramp.uasset" 174
"../../../../../../Users/Brendan/Documents/Ithaca College/03 SP/COMP207/Collision/Comp207Game/MyProject/Content/StarterContent/Particles/Materials/m_flare_01.uasset" 175
"../../../../../../Users/Brendan/Documents/Ithaca College/03 SP/COMP207/Collision/Comp207Game/MyProject/Content/StarterContent/Textures/T_Explosion_SubUV.uasset" 176
"../../../../../../Users/Brendan/Documents/Ithaca College/03 SP/COMP207/Collision/Comp207Game/MyProject/Content/StarterContent/Particles/Materials/M_explosion_subUV.uasset" 177
"../../../../../../Users/Brendan/Documents/Ithaca College/03 SP/COMP207/Collision/Comp207Game/MyProject/Content/StarterContent/Textures/T_Burst_M.uasset" 178
"../../../../../../Users/Brendan/Documents/Ithaca College/03 SP/COMP207/Collision/Comp207Game/MyProject/Content/StarterContent/Particles/Materials/M_Burst.uasset" 179
"../../../../../../Users/Brendan/Documents/Ithaca College/03 SP/COMP207/Collision/Comp207Game/MyProject/Content/StarterContent/Particles/P_Explosion.uasset" 180
"../../../../../../Users/Brendan/Documents/Ithaca College/03 SP/COMP207/Collision/Comp207Game/MyProject/Content/StarterContent/Audio/Explosion_Cue.uasset" 181
"../../../../../../Users/Brendan/Documents/Ithaca College/03 SP/COMP207/Collision/Comp207Game/MyProject/Content/StarterContent/Blueprints/Blueprint_Effect_Explosion.uasset" 182
"../../../../../../Users/Brendan/Documents/Ithaca College/03 SP/COMP207/Collision/Comp207Game/MyProject/Content/StarterContent/Particles/Materials/M_Radial_Gradient.uasset" 183
"../../../../../../Users/Brendan/Documents/Ithaca College/03 SP/COMP207/Collision/Comp207Game/MyProject/Content/StarterContent/Textures/T_Water_N.uasset" 184
"../../../../../../Users/Brendan/Documents/Ithaca College/03 SP/COMP207/Collision/Comp207Game/MyProject/Content/StarterContent/Particles/Materials/M_Heat_Distortion.uasset" 185
"../../../../../../Users/Brendan/Documents/Ithaca College/03 SP/COMP207/Collision/Comp207Game/MyProject/Content/StarterContent/Textures/T_Fire_Tiled_D.uasset" 186
"../../../../../../Users/Brendan/Documents/Ithaca College/03 SP/COMP207/Collision/Comp207Game/MyProject/Content/StarterContent/Textures/T_Fire_SubUV.uasset" 187
"../../../../../../Users/Brendan/Documents/Ithaca College/03 SP/COMP207/Collision/Comp207Game/MyProject/Content/StarterContent/Particles/Materials/M_Fire_SubUV.uasset" 188
"../../../../../../Users/Brendan/Documents/Ithaca College/03 SP/COMP207/Collision/Comp207Game/MyProject/Content/StarterContent/Particles/P_Fire.uasset" 189
"../../../../../../Users/Brendan/Documents/Ithaca College/03 SP/COMP207/Collision/Comp207Game/MyProject/Content/StarterContent/Audio/Fire01_Cue.uasset" 190
"../../../../../../Users/Brendan/Documents/Ithaca College/03 SP/COMP207/Collision/Comp207Game/MyProject/Content/StarterContent/Blueprints/Blueprint_Effect_Fire.uasset" 191
"../../../../../../Users/Brendan/Documents/Ithaca College/03 SP/COMP207/Collision/Comp207Game/MyProject/Content/StarterContent/Particles/P_Smoke.uasset" 192
"../../../../../../Users/Brendan/Documents/Ithaca College/03 SP/COMP207/Collision/Comp207Game/MyProject/Content/StarterContent/Audio/Smoke01_Cue.uasset" 193
"../../../../../../Users/Brendan/Documents/Ithaca College/03 SP/COMP207/Collision/Comp207Game/MyProject/Content/StarterContent/Blueprints/Blueprint_Effect_Smoke.uasset" 194
"../../../../../../Users/Brendan/Documents/Ithaca College/03 SP/COMP207/Collision/Comp207Game/MyProject/Content/StarterContent/Textures/T_Spark_Core.uasset" 195
"../../../../../../Users/Brendan/Documents/Ithaca College/03 SP/COMP207/Collision/Comp207Game/MyProject/Content/StarterContent/Particles/Materials/M_Spark.uasset" 196
"../../../../../../Users/Brendan/Documents/Ithaca College/03 SP/COMP207/Collision/Comp207Game/MyProject/Content/StarterContent/Particles/P_Sparks.uasset" 197
"../../../../../../Users/Brendan/Documents/Ithaca College/03 SP/COMP207/Collision/Comp207Game/MyProject/Content/StarterContent/Audio/Fire_Sparks01_Cue.uasset" 198
"../../../../../../Users/Brendan/Documents/Ithaca College/03 SP/COMP207/Collision/Comp207Game/MyProject/Content/StarterContent/Blueprints/Blueprint_Effect_Sparks.uasset" 199
"../../../../../../Users/Brendan/Documents/Ithaca College/03 SP/COMP207/Collision/Comp207Game/MyProject/Content/StarterContent/Particles/P_Steam_Lit.uasset" 200
"../../../../../../Users/Brendan/Documents/Ithaca College/03 SP/COMP207/Collision/Comp207Game/MyProject/Content/StarterContent/Audio/Steam01_Cue.uasset" 201
"../../../../../../Users/Brendan/Documents/Ithaca College/03 SP/COMP207/Collision/Comp207Game/MyProject/Content/StarterContent/Blueprints/Blueprint_Effect_Steam.uasset" 202
"../../../../../../Users/Brendan/Documents/Ithaca College/03 SP/COMP207/Collision/Comp207Game/MyProject/Content/StarterContent/Props/SM_Lamp_Wall.uasset" 203
"../../../../../../Users/Brendan/Documents/Ithaca College/03 SP/COMP207/Collision/Comp207Game/MyProject/Content/StarterContent/Blueprints/Blueprint_WallSconce.uasset" 204
"../../../../../../Users/Brendan/Documents/Ithaca College/03 SP/COMP207/Collision/Comp207Game/MyProject/Content/StarterContent/HDRI/HDRI_Epic_Courtyard_Daylight.uasset" 205
"../../../../../../Users/Brendan/Documents/Ithaca College/03 SP/COMP207/Collision/Comp207Game/MyProject/Content/StarterContent/Blueprints/Assets/SM_Arrows.uasset" 206
"../../../Engine/Content/EditorMaterials/Thumbnails/SkySphereMaterial.uasset" 207
"../../../../../../Users/Brendan/Documents/Ithaca College/03 SP/COMP207/Collision/Comp207Game/MyProject/Content/StarterContent/Blueprints/Assets/Skybox.uasset" 208
"../../../Engine/Content/MapTemplates/Sky/DaylightAmbientCubemap.uasset" 209
"../../../../../../Users/Brendan/Documents/Ithaca College/03 SP/COMP207/Collision/Comp207Game/MyProject/Content/StarterContent/Blueprints/Assets/M_LightStage_Skybox_Master.uasset" 210
"../../../../../../Users/Brendan/Documents/Ithaca College/03 SP/COMP207/Collision/Comp207Game/MyProject/Content/StarterContent/Blueprints/Assets/M_LightStage_Skybox_HDRI.uasset" 211
"../../../../../../Users/Brendan/Documents/Ithaca College/03 SP/COMP207/Collision/Comp207Game/MyProject/Content/StarterContent/Blueprints/Assets/M_LightStage_Skybox_Black.uasset" 212
"../../../../../../Users/Brendan/Documents/Ithaca College/03 SP/COMP207/Collision/Comp207Game/MyProject/Content/StarterContent/Blueprints/Assets/M_LightStage_Arrows.uasset" 213
"../../../../../../Users/Brendan/Documents/Ithaca College/03 SP/COMP207/Collision/Comp207Game/MyProject/Content/StarterContent/Blueprints/Assets/SunlightColorLUT.uasset" 214
"../../../../../../Users/Brendan/Documents/Ithaca College/03 SP/COMP207/Collision/Comp207Game/MyProject/Content/StarterContent/Blueprints/Assets/FogBrightnessLUT.uasset" 215
"../../../../../../Users/Brendan/Documents/Ithaca College/03 SP/COMP207/Collision/Comp207Game/MyProject/Content/StarterContent/Blueprints/BP_LightStudio.uasset" 216
"../../../../../../Users/Brendan/Documents/Ithaca College/03 SP/COMP207/Collision/Comp207Game/MyProject/Content/StarterContent/Textures/T_Brick_Clay_Beveled_N.uasset" 217
"../../../../../../Users/Brendan/Documents/Ithaca College/03 SP/COMP207/Collision/Comp207Game/MyProject/Content/StarterContent/Textures/T_Brick_Clay_Beveled_M.uasset" 218
"../../../../../../Users/Brendan/Documents/Ithaca College/03 SP/COMP207/Collision/Comp207Game/MyProject/Content/StarterContent/Textures/T_Brick_Clay_Beveled_D.uasset" 219
"../../../../../../Users/Brendan/Documents/Ithaca College/03 SP/COMP207/Collision/Comp207Game/MyProject/Content/StarterContent/Materials/M_Brick_Clay_Beveled.uasset" 220
"../../../../../../Users/Brendan/Documents/Ithaca College/03 SP/COMP207/Collision/Comp207Game/MyProject/Content/StarterContent/Textures/T_Detail_Rocky_N.uasset" 221
"../../../../../../Users/Brendan/Documents/Ithaca College/03 SP/COMP207/Collision/Comp207Game/MyProject/Content/StarterContent/Textures/T_Brick_Clay_New_N.uasset" 222
"../../../../../../Users/Brendan/Documents/Ithaca College/03 SP/COMP207/Collision/Comp207Game/MyProject/Content/StarterContent/Textures/T_Brick_Clay_New_M.uasset" 223
"../../../../../../Users/Brendan/Documents/Ithaca College/03 SP/COMP207/Collision/Comp207Game/MyProject/Content/StarterContent/Textures/T_Brick_Clay_New_D.uasset" 224
"../../../../../../Users/Brendan/Documents/Ithaca College/03 SP/COMP207/Collision/Comp207Game/MyProject/Content/StarterContent/Materials/M_Brick_Clay_New.uasset" 225
"../../../../../../Users/Brendan/Documents/Ithaca College/03 SP/COMP207/Collision/Comp207Game/MyProject/Content/StarterContent/Textures/T_Perlin_Noise_M.uasset" 226
"../../../../../../Users/Brendan/Documents/Ithaca College/03 SP/COMP207/Collision/Comp207Game/MyProject/Content/StarterContent/Textures/T_Brick_Clay_Old_N.uasset" 227
"../../../../../../Users/Brendan/Documents/Ithaca College/03 SP/COMP207/Collision/Comp207Game/MyProject/Content/StarterContent/Textures/T_Brick_Clay_Old_D.uasset" 228
"../../../../../../Users/Brendan/Documents/Ithaca College/03 SP/COMP207/Collision/Comp207Game/MyProject/Content/StarterContent/Materials/M_Brick_Clay_Old.uasset" 229
"../../../../../../Users/Brendan/Documents/Ithaca College/03 SP/COMP207/Collision/Comp207Game/MyProject/Content/StarterContent/Textures/T_Brick_Cut_Stone_N.uasset" 230
"../../../../../../Users/Brendan/Documents/Ithaca College/03 SP/COMP207/Collision/Comp207Game/MyProject/Content/StarterContent/Textures/T_Brick_Cut_Stone_D.uasset" 231
"../../../../../../Users/Brendan/Documents/Ithaca College/03 SP/COMP207/Collision/Comp207Game/MyProject/Content/StarterContent/Materials/M_Brick_Cut_Stone.uasset" 232
"../../../../../../Users/Brendan/Documents/Ithaca College/03 SP/COMP207/Collision/Comp207Game/MyProject/Content/StarterContent/Textures/T_Brick_Hewn_Stone_N.uasset" 233
"../../../../../../Users/Brendan/Documents/Ithaca College/03 SP/COMP207/Collision/Comp207Game/MyProject/Content/StarterContent/Textures/T_Brick_Hewn_Stone_M.uasset" 234
"../../../../../../Users/Brendan/Documents/Ithaca College/03 SP/COMP207/Collision/Comp207Game/MyProject/Content/StarterContent/Textures/T_Brick_Hewn_Stone_D.uasset" 235
"../../../../../../Users/Brendan/Documents/Ithaca College/03 SP/COMP207/Collision/Comp207Game/MyProject/Content/StarterContent/Materials/M_Brick_Hewn_Stone.uasset" 236
"../../../../../../Users/Brendan/Documents/Ithaca College/03 SP/COMP207/Collision/Comp207Game/MyProject/Content/StarterContent/Textures/T_Rock_Marble_Polished_D.uasset" 237
"../../../../../../Users/Brendan/Documents/Ithaca College/03 SP/COMP207/Collision/Comp207Game/MyProject/Content/StarterContent/Textures/T_Ceramic_Tile_N.uasset" 238
"../../../../../../Users/Brendan/Documents/Ithaca College/03 SP/COMP207/Collision/Comp207Game/MyProject/Content/StarterContent/Textures/T_Ceramic_Tile_M.uasset" 239
"../../../../../../Users/Brendan/Documents/Ithaca College/03 SP/COMP207/Collision/Comp207Game/MyProject/Content/StarterContent/Materials/M_Ceramic_Tile_Checker.uasset" 240
"../../../../../../Users/Brendan/Documents/Ithaca College/03 SP/COMP207/Collision/Comp207Game/MyProject/Content/StarterContent/Textures/T_CobbleStone_Pebble_N.uasset" 241
"../../../../../../Users/Brendan/Documents/Ithaca College/03 SP/COMP207/Collision/Comp207Game/MyProject/Content/StarterContent/Textures/T_CobbleStone_Pebble_M.uasset" 242
"../../../../../../Users/Brendan/Documents/Ithaca College/03 SP/COMP207/Collision/Comp207Game/MyProject/Content/StarterContent/Textures/T_CobbleStone_Pebble_D.uasset" 243
"../../../../../../Users/Brendan/Documents/Ithaca College/03 SP/COMP207/Collision/Comp207Game/MyProject/Content/StarterContent/Materials/M_CobbleStone_Pebble.uasset" 244
"../../../../../../Users/Brendan/Documents/Ithaca College/03 SP/COMP207/Collision/Comp207Game/MyProject/Content/StarterContent/Textures/T_Rock_Smooth_Granite_D.uasset" 245
"../../../../../../Users/Brendan/Documents/Ithaca College/03 SP/COMP207/Collision/Comp207Game/MyProject/Content/StarterContent/Textures/T_Gradinet_01.uasset" 246
"../../../../../../Users/Brendan/Documents/Ithaca College/03 SP/COMP207/Collision/Comp207Game/MyProject/Content/StarterContent/Textures/T_CobbleStone_Rough_N.uasset" 247
"../../../../../../Users/Brendan/Documents/Ithaca College/03 SP/COMP207/Collision/Comp207Game/MyProject/Content/StarterContent/Textures/T_CobbleStone_Rough_D.uasset" 248
"../../../../../../Users/Brendan/Documents/Ithaca College/03 SP/COMP207/Collision/Comp207Game/MyProject/Content/StarterContent/Materials/M_CobbleStone_Rough.uasset" 249
"../../../../../../Users/Brendan/Documents/Ithaca College/03 SP/COMP207/Collision/Comp207Game/MyProject/Content/StarterContent/Textures/T_CobbleStone_Smooth_N.uasset" 250
"../../../../../../Users/Brendan/Documents/Ithaca College/03 SP/COMP207/Collision/Comp207Game/MyProject/Content/StarterContent/Textures/T_CobbleStone_Smooth_M.uasset" 251
"../../../../../../Users/Brendan/Documents/Ithaca College/03 SP/COMP207/Collision/Comp207Game/MyProject/Content/StarterContent/Textures/T_CobbleStone_Smooth_D.uasset" 252
"../../../../../../Users/Brendan/Documents/Ithaca College/03 SP/COMP207/Collision/Comp207Game/MyProject/Content/StarterContent/Materials/M_CobbleStone_Smooth.uasset" 253
"../../../Engine/Content/EditorMeshes/ColorCalibrator/T_ColorGrid.uasset" 254
"../../../../../../Users/Brendan/Documents/Ithaca College/03 SP/COMP207/Collision/Comp207Game/MyProject/Content/StarterContent/Materials/M_ColorGrid_LowSpec.uasset" 255
"../../../../../../Users/Brendan/Documents/Ithaca College/03 SP/COMP207/Collision/Comp207Game/MyProject/Content/StarterContent/Textures/T_Metal_Rust_N.uasset" 256
"../../../../../../Users/Brendan/Documents/Ithaca College/03 SP/COMP207/Collision/Comp207Game/MyProject/Content/StarterContent/Textures/T_Concrete_Grime_D.uasset" 257
"../../../../../../Users/Brendan/Documents/Ithaca College/03 SP/COMP207/Collision/Comp207Game/MyProject/Content/StarterContent/Materials/M_Concrete_Grime.uasset" 258
"../../../../../../Users/Brendan/Documents/Ithaca College/03 SP/COMP207/Collision/Comp207Game/MyProject/Content/StarterContent/Textures/T_Concrete_Panels_N.uasset" 259
"../../../../../../Users/Brendan/Documents/Ithaca College/03 SP/COMP207/Collision/Comp207Game/MyProject/Content/StarterContent/Textures/T_Concrete_Panels_D.uasset" 260
"../../../../../../Users/Brendan/Documents/Ithaca College/03 SP/COMP207/Collision/Comp207Game/MyProject/Content/StarterContent/Materials/M_Concrete_Panels.uasset" 261
"../../../../../../Users/Brendan/Documents/Ithaca College/03 SP/COMP207/Collision/Comp207Game/MyProject/Content/StarterContent/Textures/T_Concrete_Poured_N.uasset" 262
"../../../../../../Users/Brendan/Documents/Ithaca College/03 SP/COMP207/Collision/Comp207Game/MyProject/Content/StarterContent/Textures/T_Concrete_Poured_D.uasset" 263
"../../../../../../Users/Brendan/Documents/Ithaca College/03 SP/COMP207/Collision/Comp207Game/MyProject/Content/StarterContent/Materials/M_Concrete_Poured.uasset" 264
"../../../../../../Users/Brendan/Documents/Ithaca College/03 SP/COMP207/Collision/Comp207Game/MyProject/Content/StarterContent/Textures/T_Concrete_Tiles_Variation_M.uasset" 265
"../../../../../../Users/Brendan/Documents/Ithaca College/03 SP/COMP207/Collision/Comp207Game/MyProject/Content/StarterContent/Textures/T_Concrete_Tiles_N.uasset" 266
"../../../../../../Users/Brendan/Documents/Ithaca College/03 SP/COMP207/Collision/Comp207Game/MyProject/Content/StarterContent/Textures/T_Concrete_Tiles_M.uasset" 267
"../../../../../../Users/Brendan/Documents/Ithaca College/03 SP/COMP207/Collision/Comp207Game/MyProject/Content/StarterContent/Textures/T_Concrete_Tiles_D.uasset" 268
"../../../../../../Users/Brendan/Documents/Ithaca College/03 SP/COMP207/Collision/Comp207Game/MyProject/Content/StarterContent/Materials/M_Concrete_Tiles.uasset" 269
"../../../../../../Users/Brendan/Documents/Ithaca College/03 SP/COMP207/Collision/Comp207Game/MyProject/Content/StarterContent/Textures/T_Ground_Grass_N.uasset" 270
"../../../../../../Users/Brendan/Documents/Ithaca College/03 SP/COMP207/Collision/Comp207Game/MyProject/Content/StarterContent/Textures/T_Ground_Grass_D.uasset" 271
"../../../../../../Users/Brendan/Documents/Ithaca College/03 SP/COMP207/Collision/Comp207Game/MyProject/Content/StarterContent/Materials/M_Ground_Grass.uasset" 272
"../../../../../../Users/Brendan/Documents/Ithaca College/03 SP/COMP207/Collision/Comp207Game/MyProject/Content/StarterContent/Textures/T_Ground_Gravel_N.uasset" 273
"../../../../../../Users/Brendan/Documents/Ithaca College/03 SP/COMP207/Collision/Comp207Game/MyProject/Content/StarterContent/Textures/T_Ground_Gravel_D.uasset" 274
"../../../../../../Users/Brendan/Documents/Ithaca College/03 SP/COMP207/Collision/Comp207Game/MyProject/Content/StarterContent/Materials/M_Ground_Gravel.uasset" 275
"../../../../../../Users/Brendan/Documents/Ithaca College/03 SP/COMP207/Collision/Comp207Game/MyProject/Content/StarterContent/Textures/T_Ground_Moss_N.uasset" 276
"../../../../../../Users/Brendan/Documents/Ithaca College/03 SP/COMP207/Collision/Comp207Game/MyProject/Content/StarterContent/Textures/T_ground_Moss_D.uasset" 277
"../../../../../../Users/Brendan/Documents/Ithaca College/03 SP/COMP207/Collision/Comp207Game/MyProject/Content/StarterContent/Materials/M_Ground_Moss.uasset" 278
"../../../../../../Users/Brendan/Documents/Ithaca College/03 SP/COMP207/Collision/Comp207Game/MyProject/Content/StarterContent/Materials/M_Metal_Brushed_Nickel.uasset" 279
"../../../../../../Users/Brendan/Documents/Ithaca College/03 SP/COMP207/Collision/Comp207Game/MyProject/Content/StarterContent/Textures/T_Metal_Aluminum_D.uasset" 280
"../../../../../../Users/Brendan/Documents/Ithaca College/03 SP/COMP207/Collision/Comp207Game/MyProject/Content/StarterContent/Materials/M_Metal_Burnished_Steel.uasset" 281
"../../../../../../Users/Brendan/Documents/Ithaca College/03 SP/COMP207/Collision/Comp207Game/MyProject/Content/StarterContent/Materials/M_Metal_Chrome.uasset" 282
"../../../../../../Users/Brendan/Documents/Ithaca College/03 SP/COMP207/Collision/Comp207Game/MyProject/Content/StarterContent/Textures/T_Metal_Copper_D.uasset" 283
"../../../../../../Users/Brendan/Documents/Ithaca College/03 SP/COMP207/Collision/Comp207Game/MyProject/Content/StarterContent/Materials/M_Metal_Copper.uasset" 284
"../../../../../../Users/Brendan/Documents/Ithaca College/03 SP/COMP207/Collision/Comp207Game/MyProject/Content/StarterContent/Textures/T_Metal_Rust_D.uasset" 285
"../../../../../../Users/Brendan/Documents/Ithaca College/03 SP/COMP207/Collision/Comp207Game/MyProject/Content/StarterContent/Materials/M_Metal_Rust.uasset" 286
"../../../../../../Users/Brendan/Documents/Ithaca College/03 SP/COMP207/Collision/Comp207Game/MyProject/Content/StarterContent/Textures/T_Metal_Steel_N.uasset" 287
"../../../../../../Users/Brendan/Documents/Ithaca College/03 SP/COMP207/Collision/Comp207Game/MyProject/Content/StarterContent/Textures/T_Metal_Steel_D.uasset" 288
"../../../../../../Users/Brendan/Documents/Ithaca College/03 SP/COMP207/Collision/Comp207Game/MyProject/Content/StarterContent/Materials/M_Metal_Steel.uasset" 289
"../../../../../../Users/Brendan/Documents/Ithaca College/03 SP/COMP207/Collision/Comp207Game/MyProject/Content/StarterContent/Textures/T_Rock_Basalt_N.uasset" 290
"../../../../../../Users/Brendan/Documents/Ithaca College/03 SP/COMP207/Collision/Comp207Game/MyProject/Content/StarterContent/Textures/T_Rock_Basalt_D.uasset" 291
"../../../../../../Users/Brendan/Documents/Ithaca College/03 SP/COMP207/Collision/Comp207Game/MyProject/Content/StarterContent/Materials/M_Rock_Basalt.uasset" 292
"../../../../../../Users/Brendan/Documents/Ithaca College/03 SP/COMP207/Collision/Comp207Game/MyProject/Content/StarterContent/Materials/M_Rock_Marble_Polished.uasset" 293
"../../../../../../Users/Brendan/Documents/Ithaca College/03 SP/COMP207/Collision/Comp207Game/MyProject/Content/StarterContent/Textures/T_Rock_Sandstone_N.uasset" 294
"../../../../../../Users/Brendan/Documents/Ithaca College/03 SP/COMP207/Collision/Comp207Game/MyProject/Content/StarterContent/Textures/T_Rock_Sandstone_D.uasset" 295
"../../../../../../Users/Brendan/Documents/Ithaca College/03 SP/COMP207/Collision/Comp207Game/MyProject/Content/StarterContent/Materials/M_Rock_Sandstone.uasset" 296
"../../../../../../Users/Brendan/Documents/Ithaca College/03 SP/COMP207/Collision/Comp207Game/MyProject/Content/StarterContent/Textures/T_Rock_Slate_N.uasset" 297
"../../../../../../Users/Brendan/Documents/Ithaca College/03 SP/COMP207/Collision/Comp207Game/MyProject/Content/StarterContent/Textures/T_Rock_Slate_D.uasset" 298
"../../../../../../Users/Brendan/Documents/Ithaca College/03 SP/COMP207/Collision/Comp207Game/MyProject/Content/StarterContent/Materials/M_Rock_Slate.uasset" 299
"../../../../../../Users/Brendan/Documents/Ithaca College/03 SP/COMP207/Collision/Comp207Game/MyProject/Content/StarterContent/Textures/T_Tech_Dot_N.uasset" 300
"../../../../../../Users/Brendan/Documents/Ithaca College/03 SP/COMP207/Collision/Comp207Game/MyProject/Content/StarterContent/Textures/T_Tech_Dot_M.uasset" 301
"../../../../../../Users/Brendan/Documents/Ithaca College/03 SP/COMP207/Collision/Comp207Game/MyProject/Content/StarterContent/Textures/T_Single_Tile_N.uasset" 302
"../../../../../../Users/Brendan/Documents/Ithaca College/03 SP/COMP207/Collision/Comp207Game/MyProject/Content/StarterContent/Textures/T_Checker_Noise_M.uasset" 303
"../../../../../../Users/Brendan/Documents/Ithaca College/03 SP/COMP207/Collision/Comp207Game/MyProject/Content/StarterContent/Materials/M_Tech_Checker_Dot.uasset" 304
"../../../../../../Users/Brendan/Documents/Ithaca College/03 SP/COMP207/Collision/Comp207Game/MyProject/Content/StarterContent/Materials/M_Tech_Hex_Tile.uasset" 305
"../../../../../../Users/Brendan/Documents/Ithaca College/03 SP/COMP207/Collision/Comp207Game/MyProject/Content/StarterContent/Textures/T_Tech_Panel_N.uasset" 306
"../../../../../../Users/Brendan/Documents/Ithaca College/03 SP/COMP207/Collision/Comp207Game/MyProject/Content/StarterContent/Textures/T_Tech_Panel_M.uasset" 307
"../../../../../../Users/Brendan/Documents/Ithaca College/03 SP/COMP207/Collision/Comp207Game/MyProject/Content/StarterContent/Materials/M_Tech_Panel.uasset" 308
"../../../../../../Users/Brendan/Documents/Ithaca College/03 SP/COMP207/Collision/Comp207Game/MyProject/Content/StarterContent/Materials/M_Water_Lake.uasset" 309
"../../../../../../Users/Brendan/Documents/Ithaca College/03 SP/COMP207/Collision/Comp207Game/MyProject/Content/StarterContent/Textures/T_Water_M.uasset" 310
"../../../../../../Users/Brendan/Documents/Ithaca College/03 SP/COMP207/Collision/Comp207Game/MyProject/Content/StarterContent/Materials/M_Water_Ocean.uasset" 311
"../../../../../../Users/Brendan/Documents/Ithaca College/03 SP/COMP207/Collision/Comp207Game/MyProject/Content/StarterContent/Textures/T_Wood_Floor_Walnut_N.uasset" 312
"../../../../../../Users/Brendan/Documents/Ithaca College/03 SP/COMP207/Collision/Comp207Game/MyProject/Content/StarterContent/Textures/T_Wood_Floor_Walnut_M.uasset" 313
"../../../../../../Users/Brendan/Documents/Ithaca College/03 SP/COMP207/Collision/Comp207Game/MyProject/Content/StarterContent/Textures/T_Wood_Floor_Walnut_D.uasset" 314
"../../../../../../Users/Brendan/Documents/Ithaca College/03 SP/COMP207/Collision/Comp207Game/MyProject/Content/StarterContent/Materials/M_Wood_Floor_Walnut_Polished.uasset" 315
"../../../Engine/Content/Functions/Engine_MaterialFunctions01/Opacity/AlphaOffset.uasset" 316
"../../../../../../Users/Brendan/Documents/Ithaca College/03 SP/COMP207/Collision/Comp207Game/MyProject/Content/StarterContent/Materials/M_Wood_Floor_Walnut_Worn.uasset" 317
"../../../../../../Users/Brendan/Documents/Ithaca College/03 SP/COMP207/Collision/Comp207Game/MyProject/Content/StarterContent/Textures/T_Wood_Oak_N.uasset" 318
"../../../../../../Users/Brendan/Documents/Ithaca College/03 SP/COMP207/Collision/Comp207Game/MyProject/Content/StarterContent/Textures/T_Wood_Oak_D.uasset" 319
"../../../../../../Users/Brendan/Documents/Ithaca College/03 SP/COMP207/Collision/Comp207Game/MyProject/Content/StarterContent/Materials/M_Wood_Oak.uasset" 320
"../../../../../../Users/Brendan/Documents/Ithaca College/03 SP/COMP207/Collision/Comp207Game/MyProject/Content/StarterContent/Textures/T_Wood_Pine_N.uasset" 321
"../../../../../../Users/Brendan/Documents/Ithaca College/03 SP/COMP207/Collision/Comp207Game/MyProject/Content/StarterContent/Textures/T_Wood_Pine_D.uasset" 322
"../../../../../../Users/Brendan/Documents/Ithaca College/03 SP/COMP207/Collision/Comp207Game/MyProject/Content/StarterContent/Materials/M_Wood_Pine.uasset" 323
"../../../../../../Users/Brendan/Documents/Ithaca College/03 SP/COMP207/Collision/Comp207Game/MyProject/Content/StarterContent/Textures/T_Wood_Walnut_N.uasset" 324
"../../../../../../Users/Brendan/Documents/Ithaca College/03 SP/COMP207/Collision/Comp207Game/MyProject/Content/StarterContent/Textures/T_Wood_Walnut_D.uasset" 325
"../../../../../../Users/Brendan/Documents/Ithaca College/03 SP/COMP207/Collision/Comp207Game/MyProject/Content/StarterContent/Materials/M_Wood_Walnut.uasset" 326
"../../../../../../Users/Brendan/Documents/Ithaca College/03 SP/COMP207/Collision/Comp207Game/MyProject/Content/StarterContent/Textures/T_Dust_Particle_D.uasset" 327
"../../../../../../Users/Brendan/Documents/Ithaca College/03 SP/COMP207/Collision/Comp207Game/MyProject/Content/StarterContent/Particles/Materials/M_Dust_Particle.uasset" 328
"../../../../../../Users/Brendan/Documents/Ithaca College/03 SP/COMP207/Collision/Comp207Game/MyProject/Content/StarterContent/Particles/P_Ambient_Dust.uasset" 329
"../../../../../../Users/Brendan/Documents/Ithaca College/03 SP/COMP207/Collision/Comp207Game/MyProject/Content/StarterContent/Props/MaterialSphere.uasset" 330
"../../../../../../Users/Brendan/Documents/Ithaca College/03 SP/COMP207/Collision/Comp207Game/MyProject/Content/StarterContent/Textures/T_Bush_N.uasset" 331
"../../../../../../Users/Brendan/Documents/Ithaca College/03 SP/COMP207/Collision/Comp207Game/MyProject/Content/StarterContent/Textures/T_Bush_D.uasset" 332
"../../../../../../Users/Brendan/Documents/Ithaca College/03 SP/COMP207/Collision/Comp207Game/MyProject/Content/StarterContent/Props/Materials/M_Bush.uasset" 333
"../../../../../../Users/Brendan/Documents/Ithaca College/03 SP/COMP207/Collision/Comp207Game/MyProject/Content/StarterContent/Props/SM_Bush.uasset" 334
"../../../../../../Users/Brendan/Documents/Ithaca College/03 SP/COMP207/Collision/Comp207Game/MyProject/Content/StarterContent/Textures/T_Chair_N.uasset" 335
"../../../../../../Users/Brendan/Documents/Ithaca College/03 SP/COMP207/Collision/Comp207Game/MyProject/Content/StarterContent/Textures/T_Chair_M.uasset" 336
"../../../../../../Users/Brendan/Documents/Ithaca College/03 SP/COMP207/Collision/Comp207Game/MyProject/Content/StarterContent/Props/Materials/M_Chair.uasset" 337
"../../../../../../Users/Brendan/Documents/Ithaca College/03 SP/COMP207/Collision/Comp207Game/MyProject/Content/StarterContent/Props/SM_Chair.uasset" 338
"../../../../../../Users/Brendan/Documents/Ithaca College/03 SP/COMP207/Collision/Comp207Game/MyProject/Content/StarterContent/Textures/T_Frame_N.uasset" 339
"../../../../../../Users/Brendan/Documents/Ithaca College/03 SP/COMP207/Collision/Comp207Game/MyProject/Content/StarterContent/Textures/T_Frame_M.uasset" 340
"../../../../../../Users/Brendan/Documents/Ithaca College/03 SP/COMP207/Collision/Comp207Game/MyProject/Content/StarterContent/Props/Materials/M_Frame.uasset" 341
"../../../../../../Users/Brendan/Documents/Ithaca College/03 SP/COMP207/Collision/Comp207Game/MyProject/Content/StarterContent/Props/SM_CornerFrame.uasset" 342
"../../../../../../Users/Brendan/Documents/Ithaca College/03 SP/COMP207/Collision/Comp207Game/MyProject/Content/StarterContent/Props/SM_Couch.uasset" 343
"../../../../../../Users/Brendan/Documents/Ithaca College/03 SP/COMP207/Collision/Comp207Game/MyProject/Content/StarterContent/Textures/T_Door_N.uasset" 344
"../../../../../../Users/Brendan/Documents/Ithaca College/03 SP/COMP207/Collision/Comp207Game/MyProject/Content/StarterContent/Textures/T_Door_M.uasset" 345
"../../../../../../Users/Brendan/Documents/Ithaca College/03 SP/COMP207/Collision/Comp207Game/MyProject/Content/StarterContent/Props/Materials/M_Door.uasset" 346
"../../../../../../Users/Brendan/Documents/Ithaca College/03 SP/COMP207/Collision/Comp207Game/MyProject/Content/StarterContent/Props/SM_Door.uasset" 347
"../../../../../../Users/Brendan/Documents/Ithaca College/03 SP/COMP207/Collision/Comp207Game/MyProject/Content/StarterContent/Props/SM_DoorFrame.uasset" 348
"../../../../../../Users/Brendan/Documents/Ithaca College/03 SP/COMP207/Collision/Comp207Game/MyProject/Content/StarterContent/Props/SM_GlassWindow.uasset" 349
"../../../../../../Users/Brendan/Documents/Ithaca College/03 SP/COMP207/Collision/Comp207Game/MyProject/Content/StarterContent/Props/Materials/M_MaterialSphere_Plain.uasset" 350
"../../../../../../Users/Brendan/Documents/Ithaca College/03 SP/COMP207/Collision/Comp207Game/MyProject/Content/StarterContent/Props/Materials/M_MaterialSphere.uasset" 351
"../../../../../../Users/Brendan/Documents/Ithaca College/03 SP/COMP207/Collision/Comp207Game/MyProject/Content/StarterContent/Props/SM_MatPreviewMesh_02.uasset" 352
"../../../../../../Users/Brendan/Documents/Ithaca College/03 SP/COMP207/Collision/Comp207Game/MyProject/Content/StarterContent/Props/SM_PillarFrame.uasset" 353
"../../../../../../Users/Brendan/Documents/Ithaca College/03 SP/COMP207/Collision/Comp207Game/MyProject/Content/StarterContent/Props/SM_PillarFrame300.uasset" 354
"../../../../../../Users/Brendan/Documents/Ithaca College/03 SP/COMP207/Collision/Comp207Game/MyProject/Content/StarterContent/Textures/T_RockMesh_N.uasset" 355
"../../../../../../Users/Brendan/Documents/Ithaca College/03 SP/COMP207/Collision/Comp207Game/MyProject/Content/StarterContent/Textures/T_RockMesh_M.uasset" 356
"../../../../../../Users/Brendan/Documents/Ithaca College/03 SP/COMP207/Collision/Comp207Game/MyProject/Content/StarterContent/Props/Materials/M_Rock.uasset" 357
"../../../../../../Users/Brendan/Documents/Ithaca College/03 SP/COMP207/Collision/Comp207Game/MyProject/Content/StarterContent/Props/SM_Rock.uasset" 358
"../../../../../../Users/Brendan/Documents/Ithaca College/03 SP/COMP207/Collision/Comp207Game/MyProject/Content/StarterContent/Textures/T_Shelf_N.uasset" 359
"../../../../../../Users/Brendan/Documents/Ithaca College/03 SP/COMP207/Collision/Comp207Game/MyProject/Content/StarterContent/Textures/T_Shelf_M.uasset" 360
"../../../../../../Users/Brendan/Documents/Ithaca College/03 SP/COMP207/Collision/Comp207Game/MyProject/Content/StarterContent/Props/Materials/M_Shelf.uasset" 361
"../../../../../../Users/Brendan/Documents/Ithaca College/03 SP/COMP207/Collision/Comp207Game/MyProject/Content/StarterContent/Props/SM_Shelf.uasset" 362
"../../../../../../Users/Brendan/Documents/Ithaca College/03 SP/COMP207/Collision/Comp207Game/MyProject/Content/StarterContent/Props/SM_Stairs.uasset" 363
"../../../../../../Users/Brendan/Documents/Ithaca College/03 SP/COMP207/Collision/Comp207Game/MyProject/Content/StarterContent/Textures/T_Statue_N.uasset" 364
"../../../../../../Users/Brendan/Documents/Ithaca College/03 SP/COMP207/Collision/Comp207Game/MyProject/Content/StarterContent/Textures/T_Statue_M.uasset" 365
"../../../../../../Users/Brendan/Documents/Ithaca College/03 SP/COMP207/Collision/Comp207Game/MyProject/Content/StarterContent/Props/Materials/M_StatueGlass.uasset" 366
"../../../../../../Users/Brendan/Documents/Ithaca College/03 SP/COMP207/Collision/Comp207Game/MyProject/Content/StarterContent/Props/Materials/M_Statue.uasset" 367
"../../../../../../Users/Brendan/Documents/Ithaca College/03 SP/COMP207/Collision/Comp207Game/MyProject/Content/StarterContent/Props/SM_Statue.uasset" 368
"../../../../../../Users/Brendan/Documents/Ithaca College/03 SP/COMP207/Collision/Comp207Game/MyProject/Content/StarterContent/Textures/T_TableRound_N.uasset" 369
"../../../../../../Users/Brendan/Documents/Ithaca College/03 SP/COMP207/Collision/Comp207Game/MyProject/Content/StarterContent/Textures/T_TableRound_M.uasset" 370
"../../../../../../Users/Brendan/Documents/Ithaca College/03 SP/COMP207/Collision/Comp207Game/MyProject/Content/StarterContent/Props/Materials/M_TableRound.uasset" 371
"../../../../../../Users/Brendan/Documents/Ithaca College/03 SP/COMP207/Collision/Comp207Game/MyProject/Content/StarterContent/Props/SM_TableRound.uasset" 372
"../../../../../../Users/Brendan/Documents/Ithaca College/03 SP/COMP207/Collision/Comp207Game/MyProject/Content/StarterContent/Props/SM_WindowFrame.uasset" 373
"../../../../../../Users/Brendan/Documents/Ithaca College/03 SP/COMP207/Collision/Comp207Game/MyProject/Content/StarterContent/Shapes/Shape_Cone.uasset" 374
"../../../../../../Users/Brendan/Documents/Ithaca College/03 SP/COMP207/Collision/Comp207Game/MyProject/Content/StarterContent/Shapes/Shape_Cube.uasset" 375
"../../../../../../Users/Brendan/Documents/Ithaca College/03 SP/COMP207/Collision/Comp207Game/MyProject/Content/StarterContent/Shapes/Shape_Cylinder.uasset" 376
"../../../../../../Users/Brendan/Documents/Ithaca College/03 SP/COMP207/Collision/Comp207Game/MyProject/Content/StarterContent/Shapes/Shape_NarrowCapsule.uasset" 377
"../../../../../../Users/Brendan/Documents/Ithaca College/03 SP/COMP207/Collision/Comp207Game/MyProject/Content/StarterContent/Shapes/Shape_Pipe.uasset" 378
"../../../../../../Users/Brendan/Documents/Ithaca College/03 SP/COMP207/Collision/Comp207Game/MyProject/Content/StarterContent/Shapes/Shape_Pipe_180.uasset" 379
"../../../../../../Users/Brendan/Documents/Ithaca College/03 SP/COMP207/Collision/Comp207Game/MyProject/Content/StarterContent/Shapes/Shape_Pipe_90.uasset" 380
"../../../../../../Users/Brendan/Documents/Ithaca College/03 SP/COMP207/Collision/Comp207Game/MyProject/Content/StarterContent/Shapes/Shape_Plane.uasset" 381
"../../../../../../Users/Brendan/Documents/Ithaca College/03 SP/COMP207/Collision/Comp207Game/MyProject/Content/StarterContent/Shapes/Shape_QuadPyramid.uasset" 382
"../../../../../../Users/Brendan/Documents/Ithaca College/03 SP/COMP207/Collision/Comp207Game/MyProject/Content/StarterContent/Shapes/Shape_Sphere.uasset" 383
"../../../../../../Users/Brendan/Documents/Ithaca College/03 SP/COMP207/Collision/Comp207Game/MyProject/Content/StarterContent/Shapes/Shape_Torus.uasset" 384
"../../../../../../Users/Brendan/Documents/Ithaca College/03 SP/COMP207/Collision/Comp207Game/MyProject/Content/StarterContent/Shapes/Shape_Trim.uasset" 385
"../../../../../../Users/Brendan/Documents/Ithaca College/03 SP/COMP207/Collision/Comp207Game/MyProject/Content/StarterContent/Shapes/Shape_Trim_90_In.uasset" 386
"../../../../../../Users/Brendan/Documents/Ithaca College/03 SP/COMP207/Collision/Comp207Game/MyProject/Content/StarterContent/Shapes/Shape_Trim_90_Out.uasset" 387
"../../../../../../Users/Brendan/Documents/Ithaca College/03 SP/COMP207/Collision/Comp207Game/MyProject/Content/StarterContent/Shapes/Shape_TriPyramid.uasset" 388
"../../../../../../Users/Brendan/Documents/Ithaca College/03 SP/COMP207/Collision/Comp207Game/MyProject/Content/StarterContent/Shapes/Shape_Tube.uasset" 389
"../../../../../../Users/Brendan/Documents/Ithaca College/03 SP/COMP207/Collision/Comp207Game/MyProject/Content/StarterContent/Shapes/Shape_Wedge_A.uasset" 390
"../../../../../../Users/Brendan/Documents/Ithaca College/03 SP/COMP207/Collision/Comp207Game/MyProject/Content/StarterContent/Shapes/Shape_Wedge_B.uasset" 391
"../../../../../../Users/Brendan/Documents/Ithaca College/03 SP/COMP207/Collision/Comp207Game/MyProject/Content/StarterContent/Shapes/Shape_WideCapsule.uasset" 392
"../../../../../../Users/Brendan/Documents/Ithaca College/03 SP/COMP207/Collision/Comp207Game/MyProject/Content/ThirdPerson/Meshes/RampMaterial.uasset" 393
"../../../../../../Users/Brendan/Documents/Ithaca College/03 SP/COMP207/Collision/Comp207Game/MyProject/Content/ThirdPerson/Meshes/Bump_StaticMesh.uasset" 394
"../../../../../../Users/Brendan/Documents/Ithaca College/03 SP/COMP207/Collision/Comp207Game/MyProject/Content/ThirdPerson/Meshes/LeftArm_StaticMesh.uasset" 395
"../../../../../../Users/Brendan/Documents/Ithaca College/03 SP/COMP207/Collision/Comp207Game/MyProject/Content/ThirdPerson/Meshes/Linear_Stair_StaticMesh.uasset" 396
"../../../../../../Users/Brendan/Documents/Ithaca College/03 SP/COMP207/Collision/Comp207Game/MyProject/Content/ThirdPerson/Meshes/Ramp_StaticMesh.uasset" 397
"../../../../../../Users/Brendan/Documents/Ithaca College/03 SP/COMP207/Collision/Comp207Game/MyProject/Content/ThirdPerson/Meshes/RightArm_StaticMesh.uasset" 398
"../../../../../../Users/Brendan/Documents/Ithaca College/03 SP/COMP207/Collision/Comp207Game/MyProject/Content/ThirdPersonBP/Instance.uasset" 399
"../../../../../../Users/Brendan/Documents/Ithaca College/03 SP/COMP207/Collision/Comp207Game/MyProject/Content/ThirdPersonBP/ThirdPersonOverview.uasset" 400
"../../../../../../Users/Brendan/Documents/Ithaca College/03 SP/COMP207/Collision/Comp207Game/MyProject/Content/ThirdPersonBP/Blueprints/ExitBox.uasset" 401
"../../../../../../Users/Brendan/Documents/Ithaca College/03 SP/COMP207/Collision/Comp207Game/MyProject/Content/ThirdPersonBP/Blueprints/ExitLevelAnimation.uasset" 402
"../../../../../../Users/Brendan/Documents/Ithaca College/03 SP/COMP207/Collision/Comp207Game/MyProject/Content/ThirdPersonBP/Blueprints/ExitLevel.uasset" 403
"../../../../../../Users/Brendan/Documents/Ithaca College/03 SP/COMP207/Collision/Comp207Game/MyProject/Content/ThirdPersonBP/Blueprints/ThirdPersonCharacter.uasset" 404
"../../../../../../Users/Brendan/Documents/Ithaca College/03 SP/COMP207/Collision/Comp207Game/MyProject/Content/ThirdPersonBP/Blueprints/ThirdPersonGameMode.uasset" 405
"../../../../../../Users/Brendan/Documents/Ithaca College/03 SP/COMP207/Collision/Comp207Game/MyProject/Content/ThirdPersonBP/Maps/Level3_BuiltData.uasset" 406
"../../../../../../Users/Brendan/Documents/Ithaca College/03 SP/COMP207/Collision/Comp207Game/MyProject/Content/ThirdPersonBP/Maps/PopUp1.uasset" 407
"../../../../../../Users/Brendan/Documents/Ithaca College/03 SP/COMP207/Collision/Comp207Game/MyProject/Content/ThirdPersonBP/Maps/PopUp.uasset" 408
"../../../Engine/Content/Animation/DefaultAnimBoneCompressionSettings.uasset" 409
"../../../Engine/Content/Animation/DefaultAnimCurveCompressionSettings.uasset" 410
"../../../Engine/Content/ArtTools/RenderToTexture/Meshes/S_1_Unit_Plane.uasset" 411
"../../../Engine/Content/EngineMaterials/DefaultMaterial.uasset" 412
"../../../Engine/Content/BasicShapes/Cone.uasset" 413
"../../../Engine/Content/BasicShapes/Plane.uasset" 414
"../../../Engine/Content/BasicShapes/Sphere.uasset" 415
"../../../Engine/Content/EditorLandscapeResources/DataLayer.uasset" 416
"../../../Engine/Content/EditorLandscapeResources/DefaultAlphaTexture.uasset" 417
"../../../Engine/Content/EditorMaterials/MAT_Groups_Toggle.uasset" 418
"../../../Engine/Content/EditorMaterials/MAT_Groups_Visibility.uasset" 419
"../../../Engine/Content/EditorMaterials/PreviewShadowIndicator.uasset" 420
"../../../Engine/Content/EditorMaterials/PreviewShadowIndicatorMaterial.uasset" 421
"../../../Engine/Content/EditorMaterials/MatineeGroups/MAT_ColorTrack.uasset" 422
"../../../Engine/Content/EditorMaterials/MatineeGroups/MAT_Groups_Anim.uasset" 423
"../../../Engine/Content/EditorMaterials/MatineeGroups/MAT_Groups_AudioMaster.uasset" 424
"../../../Engine/Content/EditorMaterials/MatineeGroups/MAT_Groups_Director.uasset" 425
"../../../Engine/Content/EditorMaterials/MatineeGroups/MAT_Groups_Event.uasset" 426
"../../../Engine/Content/EditorMaterials/MatineeGroups/MAT_Groups_Fade.uasset" 427
"../../../Engine/Content/EditorMaterials/MatineeGroups/MAT_Groups_Float.uasset" 428
"../../../Engine/Content/EditorMaterials/MatineeGroups/MAT_Groups_Move.uasset" 429
"../../../Engine/Content/EditorMaterials/MatineeGroups/MAT_Groups_Slomo.uasset" 430
"../../../Engine/Content/EditorMaterials/MatineeGroups/MAT_Groups_Sound.uasset" 431
"../../../Engine/Content/EditorMaterials/MatineeGroups/MAT_Groups_Vector.uasset" 432
"../../../Engine/Content/EditorMaterials/ParticleSystems/PSysThumbnail_NoImage.uasset" 433
"../../../Engine/Content/EditorMaterials/ParticleSystems/PSysThumbnail_OOD.uasset" 434
"../../../Engine/Content/EditorMaterials/Camera/CineMat.uasset" 435
"../../../Engine/Content/EditorMaterials/Camera/MI_CineMat_Rig.uasset" 436
"../../../Engine/Content/EditorMeshes/Camera/SM_CraneRig_Arm.uasset" 437
"../../../Engine/Content/EditorMeshes/Camera/SM_CraneRig_Base.uasset" 438
"../../../Engine/Content/EditorMeshes/Camera/SM_CraneRig_Body.uasset" 439
"../../../Engine/Content/EditorMeshes/Camera/SM_CraneRig_Mount.uasset" 440
"../../../Engine/Content/EditorMeshes/Camera/SM_RailRig_Mount.uasset" 441
"../../../Engine/Content/EditorMeshes/Camera/SM_RailRig_Track.uasset" 442
"../../../Engine/Content/EditorResources/BSPVertex.uasset" 443
"../../../Engine/Content/EditorResources/EmptyActor.uasset" 444
"../../../Engine/Content/EditorResources/S_Actor.uasset" 445
"../../../Engine/Content/EditorResources/S_Note.uasset" 446
"../../../Engine/Content/EditorResources/S_Solver.uasset" 447
"../../../Engine/Content/EditorResources/S_Terrain.uasset" 448
"../../../Engine/Content/EditorResources/S_Trigger.uasset" 449
"../../../Engine/Content/EditorResources/SequenceRecorder/Countdown.uasset" 450
"../../../Engine/Content/EditorResources/SequenceRecorder/RecordingIndicator.uasset" 451
"../../../Engine/Content/EngineDamageTypes/DmgTypeBP_Environmental.uasset" 452
"../../../Engine/Content/EngineDebugMaterials/DebugEditorMaterial.uasset" 453
"../../../Engine/Content/EngineDebugMaterials/DebugMeshMaterial.uasset" 454
"../../../Engine/Content/EngineDebugMaterials/M_SimpleUnlitTranslucent.uasset" 455
"../../../Engine/Content/EngineDebugMaterials/VolumeToRender.uasset" 456
"../../../Engine/Content/Functions/Engine_MaterialFunctions02/Utility/CameraDirectionVector.uasset" 457
"../../../Engine/Content/EngineDebugMaterials/M_VolumeRenderSphereTracePP.uasset" 458
"../../../Engine/Content/Functions/Engine_MaterialFunctions01/Shading/ConvertFromDiffSpec.uasset" 459
"../../../Engine/Content/EngineDebugMaterials/VertexColorMaterial.uasset" 460
"../../../Engine/Content/EngineDebugMaterials/WireframeMaterial.uasset" 461
"../../../Engine/Content/EngineFonts/Faces/RobotoBoldItalic.uasset" 462
"../../../Engine/Content/EngineFonts/Faces/RobotoBold.uasset" 463
"../../../Engine/Content/EngineFonts/Faces/DroidSansFallback.uasset" 464
"../../../Engine/Content/EngineFonts/Faces/RobotoRegular.uasset" 465
"../../../Engine/Content/EngineFonts/Faces/RobotoLight.uasset" 466
"../../../Engine/Content/EngineFonts/Faces/RobotoItalic.uasset" 467
"../../../Engine/Content/EngineFonts/Roboto.uasset" 468
"../../../Engine/Content/EngineMaterials/BaseFlattenNormalMap.uasset" 469
"../../../Engine/Content/EngineMaterials/BaseFlattenGrayscaleMap.uasset" 470
"../../../Engine/Content/EngineMaterials/BaseFlattenEmissiveMap.uasset" 471
"../../../Engine/Content/EngineMaterials/BaseFlattenDiffuseMap.uasset" 472
"../../../Engine/Content/EngineMaterials/BaseFlattenMaterial.uasset" 473
"../../../Engine/Content/EngineMaterials/BlueNoise.uasset" 474
"../../../Engine/Content/EngineMaterials/DefaultBloomKernel.uasset" 475
"../../../Engine/Content/EngineMaterials/DefaultBokeh.uasset" 476
"../../../Engine/Content/EngineMaterials/DefaultDiffuse.uasset" 477
"../../../Engine/Content/EngineMaterials/DefaultDeferredDecalMaterial.uasset" 478
"../../../Engine/Content/EngineMaterials/DefaultLightFunctionMaterial.uasset" 479
"../../../Engine/Content/EngineMaterials/DefaultPhysicalMaterial.uasset" 480
"../../../Engine/Content/Functions/Engine_MaterialFunctions02/Utility/BreakOutFloat2Components.uasset" 481
"../../../Engine/Content/EngineMaterials/DefaultPostProcessMaterial.uasset" 482
"../../../Engine/Content/EngineFonts/RobotoDistanceField.uasset" 483
"../../../Engine/Content/EngineMaterials/DefaultTextMaterialOpaque.uasset" 484
"../../../Engine/Content/EngineMaterials/DefaultWhiteGrid.uasset" 485
"../../../Engine/Content/EngineMaterials/DefaultWhiteGrid_Low.uasset" 486
"../../../Engine/Content/EngineMaterials/EmissiveMeshMaterial.uasset" 487
"../../../Engine/Content/EngineMaterials/GizmoMaterial.uasset" 488
"../../../Engine/Content/EngineMaterials/Good64x64TilingNoiseHighFreq.uasset" 489
"../../../Engine/Content/EngineMaterials/MiniFont.uasset" 490
"../../../Engine/Content/EngineMaterials/InvalidLightmapSettings.uasset" 491
"../../../Engine/Content/EngineMaterials/M_InvalidLightmapSettings.uasset" 492
"../../../Engine/Content/Functions/Engine_MaterialFunctions02/WorldPositionOffset/CameraOffset.uasset" 493
"../../../Engine/Content/EngineMaterials/PhAT_JointLimitMaterial.uasset" 494
"../../../Engine/Content/EngineMaterials/PreintegratedSkinBRDF.uasset" 495
"../../../Engine/Content/EngineMaterials/RemoveSurfaceMaterial.uasset" 496
"../../../Engine/Content/EngineMaterials/WeightMapPlaceholderTexture.uasset" 497
"../../../Engine/Content/EngineResources/WhiteSquareTexture.uasset" 498
"../../../Engine/Content/EngineMaterials/Widget3DPassThrough.uasset" 499
"../../../Engine/Content/EngineMaterials/Widget3DPassThrough_Masked.uasset" 500
"../../../Engine/Content/EngineMaterials/Widget3DPassThrough_Opaque.uasset" 501
"../../../Engine/Content/EngineMaterials/Widget3DPassThrough_Masked_OneSided.uasset" 502
"../../../Engine/Content/EngineMaterials/Widget3DPassThrough_Opaque_OneSided.uasset" 503
"../../../Engine/Content/EngineMaterials/Widget3DPassThrough_Translucent.uasset" 504
"../../../Engine/Content/EngineMaterials/Widget3DPassThrough_Translucent_OneSided.uasset" 505
"../../../Engine/Content/EngineMeshes/Cylinder.uasset" 506
"../../../Engine/Content/EngineMeshes/Sphere.uasset" 507
"../../../Engine/Content/EngineResources/Black.uasset" 508
"../../../Engine/Content/EngineResources/DefaultTextureCube.uasset" 509
"../../../Engine/Content/EngineResources/DefaultVolumeTexture2D.uasset" 510
"../../../Engine/Content/EngineResources/DefaultVolumeTexture.uasset" 511
"../../../Engine/Content/EngineResources/GradientTexture0.uasset" 512
"../../../Engine/Content/EngineSky/VolumetricClouds/T_NoiseShape64.uasset" 513
"../../../Engine/Content/EngineSky/VolumetricClouds/T_VolumeNoiseShape64.uasset" 514
"../../../Engine/Content/EngineSky/VolumetricClouds/T_NoiseErosion.uasset" 515
"../../../Engine/Content/EngineSky/VolumetricClouds/T_VolumeNoiseErosion32.uasset" 516
"../../../Engine/Content/EngineSky/VolumetricClouds/CloudWeatherTexture.uasset" 517
"../../../Engine/Content/EngineSky/VolumetricClouds/CloudGradientTexture.uasset" 518
"../../../Engine/Content/Functions/Engine_MaterialFunctions02/Utility/MakeFloat2.uasset" 519
"../../../Engine/Content/EngineSky/VolumetricClouds/m_SimpleVolumetricCloud.uasset" 520
"../../../Engine/Content/EngineSky/VolumetricClouds/m_SimpleVolumetricCloud_Inst.uasset" 521
"../../../Engine/Content/EngineSounds/Master.uasset" 522
"../../../Engine/Content/Functions/Engine_MaterialFunctions01/Shading/PowerToRoughness.uasset" 523
"../../../Engine/Content/Maps/Templates/Thumbnails/Default.uasset" 524
"../../../Engine/Content/Maps/Templates/Thumbnails/TimeOfDay.uasset" 525
"../../../Engine/Content/Maps/Templates/Thumbnails/VR-Basic.uasset" 526
"../../../Engine/Content/MobileResources/T_MobileControls_texture.uasset" 527
"../../../Engine/Content/MobileResources/T_MobileMenu2.uasset" 528
"../../../Engine/Content/MobileResources/HUD/AnalogHat.uasset" 529
"../../../Engine/Content/MobileResources/HUD/VirtualJoystick_Thumb.uasset" 530
"../../../Engine/Content/MobileResources/HUD/VirtualJoystick_Background.uasset" 531
"../../../Engine/Content/MobileResources/HUD/DefaultVirtualJoysticks.uasset" 532
"../../../Engine/Content/MobileResources/HUD/LeftVirtualJoystickOnly.uasset" 533
"../../../Engine/Content/MobileResources/HUD/MobileHUDButton1_off.uasset" 534
"../../../Engine/Content/MobileResources/HUD/MobileHUDButton1_on.uasset" 535
"../../../Engine/Content/MobileResources/HUD/MobileHUDButton2_off.uasset" 536
"../../../Engine/Content/MobileResources/HUD/MobileHUDButton2_on.uasset" 537
"../../../Engine/Content/MobileResources/HUD/MobileHUDButton3.uasset" 538
"../../../Engine/Content/MobileResources/HUD/MobileHUDButtonFire.uasset" 539
"../../../Engine/Content/MobileResources/HUD/MobileHUDDirectionPad.uasset" 540
"../../../Engine/Content/MobileResources/HUD/MobileHUDDirectionPad2.uasset" 541
"../../../Engine/Content/MobileResources/HUD/MobileHUDDirectionPad3.uasset" 542
"../../../Engine/Content/MobileResources/HUD/MobileHUDDirectionStick.uasset" 543
"../../../Engine/Content/MobileResources/HUD/T_Castle_ThumbstickInner.uasset" 544
"../../../Engine/Content/MobileResources/HUD/T_Castle_ThumbstickOutter.uasset" 545
"../../../Engine/Content/Tutorial/ContentIntroCurve.uasset" 546
"../../../Engine/Content/Tutorial/Basics/LevelEditorAttract.uasset" 547
"../../../Engine/Content/Tutorial/Basics/TutorialAssets/icon_tab_Levels_40x.uasset" 548
"../../../Engine/Content/Tutorial/Basics/LevelEditorOverview.uasset" 549
"../../../Engine/Content/Tutorial/Installation/InstallingVisualStudioTutorial.uasset" 550
"../../../Engine/Content/Tutorial/Landscape/TutorialAssets/Landscape.uasset" 551
"../../../Engine/Content/Tutorial/Landscape/LandscapeWalkThrough.uasset" 552
"../../../Engine/Content/Tutorial/Landscape/Landscape_Manage_Mode.uasset" 553
"../../../Engine/Content/Tutorial/Landscape/Landscape_Painting_Mode.uasset" 554
"../../../Engine/Content/Tutorial/Landscape/Landscape_Sculpt_Mode.uasset" 555
"../../../Engine/Content/VREditor/TransformGizmo/TranslucentTransformGizmoMaterial.uasset" 556
"../../../Engine/Content/VREditor/LaserPointer/VR_LaserPower_01.uasset" 557
"../../../Engine/Content/VREditor/TransformGizmo/TransformGizmoMaterial.uasset" 558
"../../../Engine/Content/VREditor/TransformGizmo/BoundingBoxCorner.uasset" 559
"../../../Engine/Content/VREditor/TransformGizmo/BoundingBoxEdge.uasset" 560
"../../../Engine/Content/VREditor/TransformGizmo/PlaneTranslationHandle.uasset" 561
"../../../Engine/Content/VREditor/TransformGizmo/Xray.uasset" 562
"../../../Engine/Content/VREditor/TransformGizmo/Main.uasset" 563
"../../../Engine/Content/VREditor/TransformGizmo/SM_Sequencer_Key.uasset" 564
"../../../Engine/Content/VREditor/TransformGizmo/SM_Sequencer_Node.uasset" 565
"../../Plugins/2D/Paper2D/Content/PlaceholderTextures/DummySpriteTexture.uasset" 566
"../../Plugins/2D/Paper2D/Content/DummySprite.uasset" 567
"../../Plugins/2D/Paper2D/Content/DefaultPaperTerrainMaterial.uasset" 568
"../../Plugins/2D/Paper2D/Content/DefaultSpriteMaterial.uasset" 569
"../../Plugins/2D/Paper2D/Content/MaskedUnlitSpriteMaterial.uasset" 570
"../../Plugins/2D/Paper2D/Content/OpaqueUnlitSpriteMaterial.uasset" 571
"../../../Engine/Content/BasicShapes/Cylinder.uasset" 572
"../../../Engine/Content/ArtTools/RenderToTexture/Materials/Debug/M_Emissive_Color.uasset" 573
"../../Plugins/Lumin/MagicLeapPassableWorld/Content/MagicLeapARPinInfoActor.uasset" 574
"../../../Engine/Content/Functions/Engine_MaterialFunctions02/Utility/BreakOutFloat3Components.uasset" 575
"../../Plugins/Editor/SpeedTreeImporter/Content/SpeedTree9/UnpackInteger3.uasset" 576
"../../Plugins/Editor/SpeedTreeImporter/Content/SpeedTree9/UnpackDirection.uasset" 577
"../../Plugins/Editor/SpeedTreeImporter/Content/SpeedTree9/game_wind_noise.uasset" 578
"../../../Engine/Content/Functions/Engine_MaterialFunctions02/SafeNormalize.uasset" 579
"../../Plugins/Editor/SpeedTreeImporter/Content/SpeedTree9/SpeedTreeWindMotion.uasset" 580
"../../Plugins/Editor/SpeedTreeImporter/Content/SpeedTree9/SpeedTreeBranchMotion.uasset" 581
"../../../Engine/Content/Functions/Engine_MaterialFunctions02/ObjectLocalBounds.uasset" 582
"../../../Engine/Content/Functions/Engine_MaterialFunctions02/UVs/BoundingBoxBased_0-1_UVW.uasset" 583
"../../Plugins/Editor/SpeedTreeImporter/Content/SpeedTree9/SpeedTreeWind.uasset" 584
"../../Plugins/Editor/SpeedTreeImporter/Content/SpeedTree9/SpeedTreeBillboard.uasset" 585
"../../../Engine/Content/EngineResources/DefaultTexture.uasset" 586
"../../Plugins/Editor/SpeedTreeImporter/Content/SpeedTree9/SpeedTreeBillboardMaster.uasset" 587
"../../Plugins/Editor/SpeedTreeImporter/Content/SpeedTree9/SpeedTreeCameraFacing.uasset" 588
"../../Plugins/Editor/SpeedTreeImporter/Content/SpeedTree9/SpeedTreeMaster.uasset" 589
"../../../Engine/Content/Functions/Engine_MaterialFunctions02/Utility/BreakOutFloat4Components.uasset" 590
"../../../Engine/Content/Functions/Engine_MaterialFunctions02/Utility/MakeFloat3.uasset" 591
"../../Plugins/Runtime/Oculus/OculusVR/Content/Materials/OculusMR_ChromaKey.uasset" 592
"../../Plugins/Runtime/Oculus/OculusVR/Content/Materials/OculusMR_OpaqueColoredMaterial.uasset" 593
"../../Plugins/Runtime/Oculus/OculusVR/Content/Materials/PokeAHoleMaterial.uasset" 594
"../../../../../../Users/Brendan/Documents/Ithaca College/03 SP/COMP207/Collision/Comp207Game/MyProject/Content/Sound/Collision3.uasset" 595
"../../../../../../Users/Brendan/Documents/Ithaca College/03 SP/COMP207/Collision/Comp207Game/MyProject/Content/Graphics/CollisionTitlePNG.uasset" 596
"../../../../../../Users/Brendan/Documents/Ithaca College/03 SP/COMP207/Collision/Comp207Game/MyProject/Content/GUIs/RollingCredits.uasset" 597
"../../../../../../Users/Brendan/Documents/Ithaca College/03 SP/COMP207/Collision/Comp207Game/MyProject/Content/ThirdPersonBP/Maps/CreditsLevel.umap" 598
"../../../Engine/Content/BasicShapes/Cube.uasset" 599
"../../../../../../Users/Brendan/Documents/Ithaca College/03 SP/COMP207/Collision/Comp207Game/MyProject/Content/MaterialsCustom/Skyboxes/SkyMap.uasset" 600
"../../../Engine/Content/Functions/Engine_MaterialFunctions02/HueShift.uasset" 601
"../../../../../../Users/Brendan/Documents/Ithaca College/03 SP/COMP207/Collision/Comp207Game/MyProject/Content/MaterialsCustom/Skyboxes/BaseSky.uasset" 602
"../../../../../../Users/Brendan/Documents/Ithaca College/03 SP/COMP207/Collision/Comp207Game/MyProject/Content/MaterialsCustom/Skyboxes/WhiteSky.uasset" 603
"../../../../../../Users/Brendan/Documents/Ithaca College/03 SP/COMP207/Collision/Comp207Game/MyProject/Content/MaterialsCustom/Skyboxes/CollisionSkybox.uasset" 604
"../../../../../../Users/Brendan/Documents/Ithaca College/03 SP/COMP207/Collision/Comp207Game/MyProject/Content/MaterialsCustom/Emissives/TrimBase.uasset" 605
"../../../../../../Users/Brendan/Documents/Ithaca College/03 SP/COMP207/Collision/Comp207Game/MyProject/Content/MaterialsCustom/Emissives/TrimNPC.uasset" 606
"../../../../../../Users/Brendan/Documents/Ithaca College/03 SP/COMP207/Collision/Comp207Game/MyProject/Content/AI/NPC/NPC_BB.uasset" 607
"../../../../../../Users/Brendan/Documents/Ithaca College/03 SP/COMP207/Collision/Comp207Game/MyProject/Content/AI/NPC/FindRandomLocation.uasset" 608
"../../../../../../Users/Brendan/Documents/Ithaca College/03 SP/COMP207/Collision/Comp207Game/MyProject/Content/AI/NPC/NPC_BT.uasset" 609
"../../../../../../Users/Brendan/Documents/Ithaca College/03 SP/COMP207/Collision/Comp207Game/MyProject/Content/AI/NPC/NPC_AI.uasset" 610
"../../../../../../Users/Brendan/Documents/Ithaca College/03 SP/COMP207/Collision/Comp207Game/MyProject/Content/AI/NPC/NPC.uasset" 611
"../../../Engine/Content/BasicShapes/BasicShapeMaterial.uasset" 612
"../../../../../../Users/Brendan/Documents/Ithaca College/03 SP/COMP207/Collision/Comp207Game/MyProject/Content/ThirdPersonBP/Maps/DevLevel.umap" 613
"../../../../../../Users/Brendan/Documents/Ithaca College/03 SP/COMP207/Collision/Comp207Game/MyProject/Content/ThirdPersonBP/Maps/Level01_BuiltData.uasset" 614
"../../../../../../Users/Brendan/Documents/Ithaca College/03 SP/COMP207/Collision/Comp207Game/MyProject/Content/MaterialsCustom/Skyboxes/GreenSky.uasset" 615
"../../../../../../Users/Brendan/Documents/Ithaca College/03 SP/COMP207/Collision/Comp207Game/MyProject/Content/MaterialsCustom/Emissives/TrimGreen.uasset" 616
"../../../../../../Users/Brendan/Documents/Ithaca College/03 SP/COMP207/Collision/Comp207Game/MyProject/Content/Sound/green.uasset" 617
"../../../../../../Users/Brendan/Documents/Ithaca College/03 SP/COMP207/Collision/Comp207Game/MyProject/Content/Blocks/TileMesh.uasset" 618
"../../../../../../Users/Brendan/Documents/Ithaca College/03 SP/COMP207/Collision/Comp207Game/MyProject/Content/MaterialsCustom/Emissives/TrimWhite.uasset" 619
"../../../../../../Users/Brendan/Documents/Ithaca College/03 SP/COMP207/Collision/Comp207Game/MyProject/Content/Blocks/ExitTile.uasset" 620
"../../../../../../Users/Brendan/Documents/Ithaca College/03 SP/COMP207/Collision/Comp207Game/MyProject/Content/Sound/red.uasset" 621
"../../../../../../Users/Brendan/Documents/Ithaca College/03 SP/COMP207/Collision/Comp207Game/MyProject/Content/Blocks/ColorBox.uasset" 622
"../../../../../../Users/Brendan/Documents/Ithaca College/03 SP/COMP207/Collision/Comp207Game/MyProject/Content/ThirdPersonBP/Maps/Level01.umap" 623
"../../../../../../Users/Brendan/Documents/Ithaca College/03 SP/COMP207/Collision/Comp207Game/MyProject/Content/ThirdPersonBP/Maps/Level02_BuiltData.uasset" 624
"../../../../../../Users/Brendan/Documents/Ithaca College/03 SP/COMP207/Collision/Comp207Game/MyProject/Content/ThirdPersonBP/Maps/Level02.umap" 625
"../../../../../../Users/Brendan/Documents/Ithaca College/03 SP/COMP207/Collision/Comp207Game/MyProject/Content/ThirdPersonBP/Maps/Level03_BuiltData.uasset" 626
"../../../../../../Users/Brendan/Documents/Ithaca College/03 SP/COMP207/Collision/Comp207Game/MyProject/Content/GUIs/PopUp5.uasset" 627
"../../../../../../Users/Brendan/Documents/Ithaca College/03 SP/COMP207/Collision/Comp207Game/MyProject/Content/Sound/blue.uasset" 628
"../../../../../../Users/Brendan/Documents/Ithaca College/03 SP/COMP207/Collision/Comp207Game/MyProject/Content/ThirdPersonBP/Maps/Level03.umap" 629
"../../../../../../Users/Brendan/Documents/Ithaca College/03 SP/COMP207/Collision/Comp207Game/MyProject/Content/ThirdPersonBP/Maps/Level04_BuiltData.uasset" 630
"../../../../../../Users/Brendan/Documents/Ithaca College/03 SP/COMP207/Collision/Comp207Game/MyProject/Content/ThirdPersonBP/Maps/Level04.umap" 631
"../../../../../../Users/Brendan/Documents/Ithaca College/03 SP/COMP207/Collision/Comp207Game/MyProject/Content/ThirdPersonBP/Maps/Level05_BuiltData.uasset" 632
"../../../../../../Users/Brendan/Documents/Ithaca College/03 SP/COMP207/Collision/Comp207Game/MyProject/Content/ThirdPersonBP/Maps/Level05.umap" 633
"../../../../../../Users/Brendan/Documents/Ithaca College/03 SP/COMP207/Collision/Comp207Game/MyProject/Content/ThirdPersonBP/Maps/Level06_BuiltData.uasset" 634
"../../../../../../Users/Brendan/Documents/Ithaca College/03 SP/COMP207/Collision/Comp207Game/MyProject/Content/MaterialsCustom/Skyboxes/RedSky.uasset" 635
"../../../../../../Users/Brendan/Documents/Ithaca College/03 SP/COMP207/Collision/Comp207Game/MyProject/Content/MaterialsCustom/Emissives/TrimRed.uasset" 636
"../../../../../../Users/Brendan/Documents/Ithaca College/03 SP/COMP207/Collision/Comp207Game/MyProject/Content/ThirdPersonBP/Maps/Level06.umap" 637
"../../../../../../Users/Brendan/Documents/Ithaca College/03 SP/COMP207/Collision/Comp207Game/MyProject/Content/ThirdPersonBP/Maps/Level07_BuiltData.uasset" 638
"../../../../../../Users/Brendan/Documents/Ithaca College/03 SP/COMP207/Collision/Comp207Game/MyProject/Content/ThirdPersonBP/Maps/Level07.umap" 639
"../../../../../../Users/Brendan/Documents/Ithaca College/03 SP/COMP207/Collision/Comp207Game/MyProject/Content/ThirdPersonBP/Maps/Level08_BuiltData.uasset" 640
"../../../../../../Users/Brendan/Documents/Ithaca College/03 SP/COMP207/Collision/Comp207Game/MyProject/Content/GUIs/DeathHUD.uasset" 641
"../../../../../../Users/Brendan/Documents/Ithaca College/03 SP/COMP207/Collision/Comp207Game/MyProject/Content/Sound/Death.uasset" 642
"../../../../../../Users/Brendan/Documents/Ithaca College/03 SP/COMP207/Collision/Comp207Game/MyProject/Content/Blocks/VacuumBox.uasset" 643
"../../../../../../Users/Brendan/Documents/Ithaca College/03 SP/COMP207/Collision/Comp207Game/MyProject/Content/ThirdPersonBP/Maps/Level08.umap" 644
"../../../../../../Users/Brendan/Documents/Ithaca College/03 SP/COMP207/Collision/Comp207Game/MyProject/Content/ThirdPersonBP/Maps/Level09_BuiltData.uasset" 645
"../../../../../../Users/Brendan/Documents/Ithaca College/03 SP/COMP207/Collision/Comp207Game/MyProject/Content/ThirdPersonBP/Maps/Level09.umap" 646
"../../../../../../Users/Brendan/Documents/Ithaca College/03 SP/COMP207/Collision/Comp207Game/MyProject/Content/ThirdPersonBP/Maps/Level10_BuiltData.uasset" 647
"../../../../../../Users/Brendan/Documents/Ithaca College/03 SP/COMP207/Collision/Comp207Game/MyProject/Content/ThirdPersonBP/Maps/Level10.umap" 648
"../../../../../../Users/Brendan/Documents/Ithaca College/03 SP/COMP207/Collision/Comp207Game/MyProject/Content/ThirdPersonBP/Maps/Level11_BuiltData.uasset" 649
"../../../../../../Users/Brendan/Documents/Ithaca College/03 SP/COMP207/Collision/Comp207Game/MyProject/Content/MaterialsCustom/Skyboxes/BlueSky.uasset" 650
"../../../../../../Users/Brendan/Documents/Ithaca College/03 SP/COMP207/Collision/Comp207Game/MyProject/Content/MaterialsCustom/Emissives/TrimBlue.uasset" 651
"../../../../../../Users/Brendan/Documents/Ithaca College/03 SP/COMP207/Collision/Comp207Game/MyProject/Content/ThirdPersonBP/Maps/Level11.umap" 652
"../../../../../../Users/Brendan/Documents/Ithaca College/03 SP/COMP207/Collision/Comp207Game/MyProject/Content/ThirdPersonBP/Maps/Level12_BuiltData.uasset" 653
"../../../../../../Users/Brendan/Documents/Ithaca College/03 SP/COMP207/Collision/Comp207Game/MyProject/Content/ThirdPersonBP/Maps/Level12.umap" 654
"../../../../../../Users/Brendan/Documents/Ithaca College/03 SP/COMP207/Collision/Comp207Game/MyProject/Content/ThirdPersonBP/Maps/Level13_BuiltData.uasset" 655
"../../../../../../Users/Brendan/Documents/Ithaca College/03 SP/COMP207/Collision/Comp207Game/MyProject/Content/ThirdPersonBP/Maps/Level13.umap" 656
"../../../../../../Users/Brendan/Documents/Ithaca College/03 SP/COMP207/Collision/Comp207Game/MyProject/Content/ThirdPersonBP/Maps/Level14_BuiltData.uasset" 657
"../../../../../../Users/Brendan/Documents/Ithaca College/03 SP/COMP207/Collision/Comp207Game/MyProject/Content/ThirdPersonBP/Maps/Level14.umap" 658
"../../../../../../Users/Brendan/Documents/Ithaca College/03 SP/COMP207/Collision/Comp207Game/MyProject/Content/ThirdPersonBP/Maps/Level15_BuiltData.uasset" 659
"../../../../../../Users/Brendan/Documents/Ithaca College/03 SP/COMP207/Collision/Comp207Game/MyProject/Content/GUIs/LastLevelPrompt.uasset" 660
"../../../../../../Users/Brendan/Documents/Ithaca College/03 SP/COMP207/Collision/Comp207Game/MyProject/Content/ThirdPersonBP/Maps/Level15.umap" 661
"../../../../../../Users/Brendan/Documents/Ithaca College/03 SP/COMP207/Collision/Comp207Game/MyProject/Content/ThirdPersonBP/Maps/LevelSelect_BuiltData.uasset" 662
"../../../../../../Users/Brendan/Documents/Ithaca College/03 SP/COMP207/Collision/Comp207Game/MyProject/Content/Graphics/star.uasset" 663
"../../../../../../Users/Brendan/Documents/Ithaca College/03 SP/COMP207/Collision/Comp207Game/MyProject/Content/Graphics/lock-pixel.uasset" 664
"../../../../../../Users/Brendan/Documents/Ithaca College/03 SP/COMP207/Collision/Comp207Game/MyProject/Content/GUIs/LevelSelect.uasset" 665
"../../../../../../Users/Brendan/Documents/Ithaca College/03 SP/COMP207/Collision/Comp207Game/MyProject/Content/Blocks/MenuLevelController.uasset" 666
"../../../../../../Users/Brendan/Documents/Ithaca College/03 SP/COMP207/Collision/Comp207Game/MyProject/Content/ThirdPersonBP/Maps/LevelSelect.umap" 667
"../../../../../../Users/Brendan/Documents/Ithaca College/03 SP/COMP207/Collision/Comp207Game/MyProject/Content/ThirdPersonBP/Maps/MenuLevel_BuiltData.uasset" 668
"../../../../../../Users/Brendan/Documents/Ithaca College/03 SP/COMP207/Collision/Comp207Game/MyProject/Content/GUIs/MainMenu.uasset" 669
"../../../../../../Users/Brendan/Documents/Ithaca College/03 SP/COMP207/Collision/Comp207Game/MyProject/Content/ThirdPersonBP/Maps/MenuLevel.umap" 670
"../../../../../../Users/Brendan/Documents/Ithaca College/03 SP/COMP207/Collision/Comp207Game/MyProject/Content/ThirdPersonBP/Maps/Tutorial1-Movement_BuiltData.uasset" 671
"../../../../../../Users/Brendan/Documents/Ithaca College/03 SP/COMP207/Collision/Comp207Game/MyProject/Content/Blocks/ExitBoxTutorial.uasset" 672
"../../../../../../Users/Brendan/Documents/Ithaca College/03 SP/COMP207/Collision/Comp207Game/MyProject/Content/ThirdPersonBP/Maps/Tutorial1-Movement.umap" 673
"../../../../../../Users/Brendan/Documents/Ithaca College/03 SP/COMP207/Collision/Comp207Game/MyProject/Content/ThirdPersonBP/Maps/Tutorial2-Blocking_BuiltData.uasset" 674
"../../../../../../Users/Brendan/Documents/Ithaca College/03 SP/COMP207/Collision/Comp207Game/MyProject/Content/GUIs/PopUp2.uasset" 675
"../../../../../../Users/Brendan/Documents/Ithaca College/03 SP/COMP207/Collision/Comp207Game/MyProject/Content/ThirdPersonBP/Maps/Tutorial2-Blocking.umap" 676
"../../../../../../Users/Brendan/Documents/Ithaca College/03 SP/COMP207/Collision/Comp207Game/MyProject/Content/ThirdPersonBP/Maps/Tutorial3-Colors_BuiltData.uasset" 677
"../../../../../../Users/Brendan/Documents/Ithaca College/03 SP/COMP207/Collision/Comp207Game/MyProject/Content/ThirdPersonBP/Maps/Tutorial3-Colors.umap" 678
"../../../../../../Users/Brendan/Documents/Ithaca College/03 SP/COMP207/Collision/Comp207Game/MyProject/Content/ThirdPersonBP/Maps/Tutorial4-MovingBlock_BuiltData.uasset" 679
"../../../../../../Users/Brendan/Documents/Ithaca College/03 SP/COMP207/Collision/Comp207Game/MyProject/Content/GUIs/TutorialHUD.uasset" 680
"../../../../../../Users/Brendan/Documents/Ithaca College/03 SP/COMP207/Collision/Comp207Game/MyProject/Content/GUIs/PopUp4.uasset" 681
"../../../../../../Users/Brendan/Documents/Ithaca College/03 SP/COMP207/Collision/Comp207Game/MyProject/Content/ThirdPersonBP/Maps/Tutorial4-MovingBlock.umap" 682
"../../../../../../Users/Brendan/Documents/Ithaca College/03 SP/COMP207/Collision/Comp207Game/MyProject/Content/ThirdPersonBP/Maps/Tutorial5-BreakBlock_BuiltData.uasset" 683
"../../../../../../Users/Brendan/Documents/Ithaca College/03 SP/COMP207/Collision/Comp207Game/MyProject/Content/ThirdPersonBP/Maps/Tutorial5-BreakBlock.umap" 684
"../../../Engine/Content/Maps/Entry_BuiltData.uasset" 685
"../../../Engine/Content/Maps/Entry.umap" 686
